#
# There is insufficient memory for the Java Runtime Environment to continue.
# Native memory allocation (mmap) failed to map 65536 bytes. Error detail: Failed to commit metaspace.
# Possible reasons:
#   The system is out of physical RAM or swap space
#   This process is running with CompressedOops enabled, and the Java Heap may be blocking the growth of the native heap
# Possible solutions:
#   Reduce memory load on the system
#   Increase physical memory or swap space
#   Check if swap backing store is full
#   Decrease Java heap size (-Xmx/-Xms)
#   Decrease number of Java threads
#   Decrease Java thread stack sizes (-Xss)
#   Set larger code cache with -XX:ReservedCodeCacheSize=
#   JVM is running with Unscaled Compressed Oops mode in which the Java heap is
#     placed in the first 4GB address space. The Java Heap base address is the
#     maximum limit for the native heap growth. Please use -XX:HeapBaseMinAddress
#     to set the Java Heap base and to place the Java Heap above 4GB virtual address.
# This output file may be truncated or incomplete.
#
#  Out of Memory Error (virtualSpaceNode.cpp:113), pid=2176, tid=3888
#
# JRE version: OpenJDK Runtime Environment Temurin-21.0.8+9 (21.0.8+9) (build 21.0.8+9-LTS)
# Java VM: OpenJDK 64-Bit Server VM Temurin-21.0.8+9 (21.0.8+9-LTS, mixed mode, sharing, tiered, compressed oops, compressed class ptrs, parallel gc, windows-amd64)
# No core dump will be written. Minidumps are not enabled by default on client versions of Windows
#

---------------  S U M M A R Y ------------

Command Line: --add-modules=ALL-SYSTEM --add-opens=java.base/java.util=ALL-UNNAMED --add-opens=java.base/java.lang=ALL-UNNAMED --add-opens=java.base/sun.nio.fs=ALL-UNNAMED -Declipse.application=org.eclipse.jdt.ls.core.id1 -Dosgi.bundles.defaultStartLevel=4 -Declipse.product=org.eclipse.jdt.ls.core.product -Djava.import.generatesMetadataFilesAtProjectRoot=false -DDetectVMInstallationsJob.disabled=true -Dfile.encoding=utf8 -XX:+UseParallelGC -XX:GCTimeRatio=4 -XX:AdaptiveSizePolicyWeight=90 -Dsun.zip.disableMemoryMapping=true -Xmx2G -Xms100m -Xlog:disable -javaagent:c:\Users\Kristina\.vscode\extensions\redhat.java-1.46.0-win32-x64\lombok\lombok-1.18.39-4050.jar c:\Users\Kristina\.vscode\extensions\redhat.java-1.46.0-win32-x64\server\plugins\org.eclipse.equinox.launcher_1.7.0.v20250519-0528.jar -configuration c:\Users\Kristina\AppData\Roaming\Code\User\globalStorage\redhat.java\1.46.0\config_ss_win -data c:\Users\Kristina\AppData\Roaming\Code\User\workspaceStorage\ecc49b1e08973d27825871927b1c4fd5\redhat.java\ss_ws --pipe=\\.\pipe\lsp-dddeab738f4e580cb7bb3563a6e315bc-sock

Host: Intel(R) Core(TM) i5-10210U CPU @ 1.60GHz, 8 cores, 7G,  Windows 10 , 64 bit Build 19041 (10.0.19041.5915)
Time: Thu Oct 23 21:15:40 2025 Central Europe Summer Time elapsed time: 2.281911 seconds (0d 0h 0m 2s)

---------------  T H R E A D  ---------------

Current thread (0x0000015ad3c11710):  JavaThread "C1 CompilerThread0" daemon [_thread_in_vm, id=3888, stack(0x000000047b800000,0x000000047b900000) (1024K)]


Current CompileTask:
C1:2282 1276       3       java.util.zip.ZipFile$ZipFileInputStream::<init> (96 bytes)

Stack: [0x000000047b800000,0x000000047b900000]
Native frames: (J=compiled Java code, j=interpreted, Vv=VM code, C=native code)
V  [jvm.dll+0x6d2449]
V  [jvm.dll+0x8ae341]
V  [jvm.dll+0x8b08be]
V  [jvm.dll+0x8b0fa3]
V  [jvm.dll+0x280c96]
V  [jvm.dll+0x8aa07e]
V  [jvm.dll+0x6745b5]
V  [jvm.dll+0x67461a]
V  [jvm.dll+0x676e02]
V  [jvm.dll+0x676cd2]
V  [jvm.dll+0x674f8e]
V  [jvm.dll+0x68643a]
V  [jvm.dll+0x67f512]
V  [jvm.dll+0x1f3990]
V  [jvm.dll+0x1f3b78]
V  [jvm.dll+0x1669e1]
V  [jvm.dll+0x166826]
V  [jvm.dll+0x15e408]
V  [jvm.dll+0x160689]
V  [jvm.dll+0x15eca5]
V  [jvm.dll+0x158bd7]
V  [jvm.dll+0x168426]
V  [jvm.dll+0x154030]
V  [jvm.dll+0x1543b3]
V  [jvm.dll+0x154684]
V  [jvm.dll+0x153ab6]
V  [jvm.dll+0x15588d]
V  [jvm.dll+0x257d4d]
V  [jvm.dll+0x2562ea]
V  [jvm.dll+0x3f2d16]
V  [jvm.dll+0x857e6b]
V  [jvm.dll+0x6d0b0d]
C  [ucrtbase.dll+0x21bb2]
C  [KERNEL32.DLL+0x17374]
C  [ntdll.dll+0x4cc91]


---------------  P R O C E S S  ---------------

Threads class SMR info:
_java_thread_list=0x0000015b1b1ac500, length=11, elements={
0x0000015abd19e030, 0x0000015ad3bfd730, 0x0000015ad3bfe890, 0x0000015ad3c00be0,
0x0000015ad3c03bb0, 0x0000015ad3c05770, 0x0000015ad3c0a530, 0x0000015ad3c10a20,
0x0000015ad3c11710, 0x0000015b165f9170, 0x0000015b16830f60
}

Java Threads: ( => current thread )
  0x0000015abd19e030 JavaThread "main"                              [_thread_in_vm, id=22324, stack(0x000000047ad00000,0x000000047ae00000) (1024K)]
  0x0000015ad3bfd730 JavaThread "Reference Handler"          daemon [_thread_blocked, id=23480, stack(0x000000047b100000,0x000000047b200000) (1024K)]
  0x0000015ad3bfe890 JavaThread "Finalizer"                  daemon [_thread_blocked, id=17120, stack(0x000000047b200000,0x000000047b300000) (1024K)]
  0x0000015ad3c00be0 JavaThread "Signal Dispatcher"          daemon [_thread_blocked, id=24596, stack(0x000000047b300000,0x000000047b400000) (1024K)]
  0x0000015ad3c03bb0 JavaThread "Attach Listener"            daemon [_thread_blocked, id=23068, stack(0x000000047b400000,0x000000047b500000) (1024K)]
  0x0000015ad3c05770 JavaThread "Service Thread"             daemon [_thread_blocked, id=4756, stack(0x000000047b500000,0x000000047b600000) (1024K)]
  0x0000015ad3c0a530 JavaThread "Monitor Deflation Thread"   daemon [_thread_blocked, id=17820, stack(0x000000047b600000,0x000000047b700000) (1024K)]
  0x0000015ad3c10a20 JavaThread "C2 CompilerThread0"         daemon [_thread_blocked, id=24320, stack(0x000000047b700000,0x000000047b800000) (1024K)]
=>0x0000015ad3c11710 JavaThread "C1 CompilerThread0"         daemon [_thread_in_vm, id=3888, stack(0x000000047b800000,0x000000047b900000) (1024K)]
  0x0000015b165f9170 JavaThread "Common-Cleaner"             daemon [_thread_blocked, id=13436, stack(0x000000047b900000,0x000000047ba00000) (1024K)]
  0x0000015b16830f60 JavaThread "Notification Thread"        daemon [_thread_blocked, id=23808, stack(0x000000047ba00000,0x000000047bb00000) (1024K)]
Total: 11

Other Threads:
  0x0000015abd25ea70 VMThread "VM Thread"                           [id=10460, stack(0x000000047b000000,0x000000047b100000) (1024K)]
  0x0000015abd20d4e0 WatcherThread "VM Periodic Task Thread"        [id=2020, stack(0x000000047af00000,0x000000047b000000) (1024K)]
  0x0000015abd1bdf90 WorkerThread "GC Thread#0"                     [id=24748, stack(0x000000047ae00000,0x000000047af00000) (1024K)]
  0x0000015b1b0060b0 WorkerThread "GC Thread#1"                     [id=10292, stack(0x000000047bc00000,0x000000047bd00000) (1024K)]
  0x0000015b1b3c05f0 WorkerThread "GC Thread#2"                     [id=16416, stack(0x000000047bd00000,0x000000047be00000) (1024K)]
  0x0000015b1b007700 WorkerThread "GC Thread#3"                     [id=15132, stack(0x000000047be00000,0x000000047bf00000) (1024K)]
  0x0000015b1b007aa0 WorkerThread "GC Thread#4"                     [id=11092, stack(0x000000047bf00000,0x000000047c000000) (1024K)]
  0x0000015b1b00f2d0 WorkerThread "GC Thread#5"                     [id=23532, stack(0x000000047c000000,0x000000047c100000) (1024K)]
  0x0000015b1b00f670 WorkerThread "GC Thread#6"                     [id=14620, stack(0x000000047c100000,0x000000047c200000) (1024K)]
Total: 9

Threads with active compile tasks:
C1 CompilerThread0  2327 1276       3       java.util.zip.ZipFile$ZipFileInputStream::<init> (96 bytes)
Total: 1

VM state: not at safepoint (normal execution)

VM Mutex/Monitor currently owned by a thread:  ([mutex/lock_event])
[0x00007ffe20023458] Metaspace_lock - owner thread: 0x0000015ad3c11710

Heap address: 0x0000000080000000, size: 2048 MB, Compressed Oops mode: 32-bit

CDS archive(s) mapped at: [0x0000015ad4000000-0x0000015ad4ba0000-0x0000015ad4ba0000), size 12189696, SharedBaseAddress: 0x0000015ad4000000, ArchiveRelocationMode: 1.
Compressed class space mapped at: 0x0000015ad5000000-0x0000015b15000000, reserved size: 1073741824
Narrow klass base: 0x0000015ad4000000, Narrow klass shift: 0, Narrow klass range: 0x100000000

GC Precious Log:
 CardTable entry size: 512
 CPUs: 8 total, 8 available
 Memory: 8025M
 Large Page Support: Disabled
 NUMA Support: Disabled
 Compressed Oops: Enabled (32-bit)
 Alignments: Space 512K, Generation 512K, Heap 2M
 Heap Min Capacity: 100M
 Heap Initial Capacity: 100M
 Heap Max Capacity: 2G
 Pre-touch: Disabled
 Parallel Workers: 8

Heap:
 PSYoungGen      total 29696K, used 10000K [0x00000000d5580000, 0x00000000d7680000, 0x0000000100000000)
  eden space 25600K, 26% used [0x00000000d5580000,0x00000000d5c04258,0x00000000d6e80000)
  from space 4096K, 81% used [0x00000000d6e80000,0x00000000d71c00d8,0x00000000d7280000)
  to   space 4096K, 0% used [0x00000000d7280000,0x00000000d7280000,0x00000000d7680000)
 ParOldGen       total 68608K, used 16K [0x0000000080000000, 0x0000000084300000, 0x00000000d5580000)
  object space 68608K, 0% used [0x0000000080000000,0x0000000080004000,0x0000000084300000)
 Metaspace       used 5710K, committed 5952K, reserved 1114112K
  class space    used 603K, committed 768K, reserved 1048576K

Card table byte_map: [0x0000015abcb60000,0x0000015abcf70000] _byte_map_base: 0x0000015abc760000

Marking Bits: (ParMarkBitMap*) 0x00007ffe2002a340
 Begin Bits: [0x0000015acf650000, 0x0000015ad1650000)
 End Bits:   [0x0000015ad1650000, 0x0000015ad3650000)

Polling page: 0x0000015abafa0000

Metaspace:

Usage:
  Non-class:      4.99 MB used.
      Class:    603.48 KB used.
       Both:      5.58 MB used.

Virtual space:
  Non-class space:       64.00 MB reserved,       5.06 MB (  8%) committed,  1 nodes.
      Class space:        1.00 GB reserved,     768.00 KB ( <1%) committed,  1 nodes.
             Both:        1.06 GB reserved,       5.81 MB ( <1%) committed. 

Chunk freelists:
   Non-Class:  10.31 MB
       Class:  15.10 MB
        Both:  25.41 MB

MaxMetaspaceSize: unlimited
CompressedClassSpaceSize: 1.00 GB
Initial GC threshold: 21.00 MB
Current GC threshold: 21.00 MB
CDS: on
 - commit_granule_bytes: 65536.
 - commit_granule_words: 8192.
 - virtual_space_node_default_size: 8388608.
 - enlarge_chunks_in_place: 1.
 - use_allocation_guard: 0.


Internal statistics:

num_allocs_failed_limit: 0.
num_arena_births: 190.
num_arena_deaths: 0.
num_vsnodes_births: 2.
num_vsnodes_deaths: 0.
num_space_committed: 93.
num_space_uncommitted: 0.
num_chunks_returned_to_freelist: 0.
num_chunks_taken_from_freelist: 299.
num_chunk_merges: 0.
num_chunk_splits: 189.
num_chunks_enlarged: 121.
num_inconsistent_stats: 0.

CodeHeap 'non-profiled nmethods': size=120000Kb used=482Kb max_used=482Kb free=119517Kb
 bounds [0x0000015ac7e70000, 0x0000015ac80e0000, 0x0000015acf3a0000]
CodeHeap 'profiled nmethods': size=120000Kb used=2105Kb max_used=2105Kb free=117894Kb
 bounds [0x0000015ac03a0000, 0x0000015ac0610000, 0x0000015ac78d0000]
CodeHeap 'non-nmethods': size=5760Kb used=1205Kb max_used=1223Kb free=4554Kb
 bounds [0x0000015ac78d0000, 0x0000015ac7b40000, 0x0000015ac7e70000]
CodeCache: size=245760Kb, used=3792Kb, max_used=3810Kb, free=241965Kb
 total_blobs=1743, nmethods=1275, adapters=375, full_count=0
Compilation: enabled, stopped_count=0, restarted_count=0

Compilation events (20 events):
Event: 2.249 Thread 0x0000015ad3c11710 1266       3       java.lang.System$2::getBytesNoRepl (6 bytes)
Event: 2.250 Thread 0x0000015ad3c11710 nmethod 1266 0x0000015ac05aa010 code [0x0000015ac05aa220, 0x0000015ac05aaa08]
Event: 2.250 Thread 0x0000015ad3c11710 1267   !   3       java.lang.String::getBytesNoRepl (29 bytes)
Event: 2.250 Thread 0x0000015ad3c11710 nmethod 1267 0x0000015ac05aac10 code [0x0000015ac05aae00, 0x0000015ac05ab560]
Event: 2.252 Thread 0x0000015ad3c11710 1268       3       java.util.ArrayDeque::addLast (51 bytes)
Event: 2.253 Thread 0x0000015ad3c11710 nmethod 1268 0x0000015ac05ab710 code [0x0000015ac05ab900, 0x0000015ac05abd78]
Event: 2.259 Thread 0x0000015ad3c11710 1269       3       java.util.Collections$SetFromMap::add (22 bytes)
Event: 2.259 Thread 0x0000015ad3c11710 nmethod 1269 0x0000015ac05abf10 code [0x0000015ac05ac0c0, 0x0000015ac05ac2f8]
Event: 2.260 Thread 0x0000015ad3c11710 1270       3       java.util.zip.ZipUtils::LOCSIG (6 bytes)
Event: 2.260 Thread 0x0000015ad3c11710 nmethod 1270 0x0000015ac05ac390 code [0x0000015ac05ac540, 0x0000015ac05ac800]
Event: 2.270 Thread 0x0000015ad3c11710 1271       3       java.util.ArrayDeque::add (7 bytes)
Event: 2.270 Thread 0x0000015ad3c11710 nmethod 1271 0x0000015ac05ac990 code [0x0000015ac05acb40, 0x0000015ac05acc98]
Event: 2.273 Thread 0x0000015ad3c11710 1272       3       java.security.Provider::getService (144 bytes)
Event: 2.275 Thread 0x0000015ad3c11710 nmethod 1272 0x0000015ac05acd90 code [0x0000015ac05ad000, 0x0000015ac05adc18]
Event: 2.275 Thread 0x0000015ad3c11710 1273       3       java.security.Provider$ServiceKey::matches (22 bytes)
Event: 2.275 Thread 0x0000015ad3c11710 nmethod 1273 0x0000015ac05adf90 code [0x0000015ac05ae140, 0x0000015ac05ae2d8]
Event: 2.277 Thread 0x0000015ad3c11710 1274       3       jdk.internal.perf.PerfCounter::addElapsedTimeFrom (10 bytes)
Event: 2.277 Thread 0x0000015ad3c11710 nmethod 1274 0x0000015ac05ae390 code [0x0000015ac05ae540, 0x0000015ac05ae6c8]
Event: 2.279 Thread 0x0000015ad3c10a20 1275       4       java.lang.AbstractStringBuilder::newCapacity (59 bytes)
Event: 2.279 Thread 0x0000015ad3c11710 1276       3       java.util.zip.ZipFile$ZipFileInputStream::<init> (96 bytes)

GC Heap History (2 events):
Event: 1.839 GC heap before
{Heap before GC invocations=1 (full 0):
 PSYoungGen      total 29696K, used 25600K [0x00000000d5580000, 0x00000000d7680000, 0x0000000100000000)
  eden space 25600K, 100% used [0x00000000d5580000,0x00000000d6e80000,0x00000000d6e80000)
  from space 4096K, 0% used [0x00000000d7280000,0x00000000d7280000,0x00000000d7680000)
  to   space 4096K, 0% used [0x00000000d6e80000,0x00000000d6e80000,0x00000000d7280000)
 ParOldGen       total 68608K, used 0K [0x0000000080000000, 0x0000000084300000, 0x00000000d5580000)
  object space 68608K, 0% used [0x0000000080000000,0x0000000080000000,0x0000000084300000)
 Metaspace       used 4286K, committed 4544K, reserved 1114112K
  class space    used 469K, committed 576K, reserved 1048576K
}
Event: 1.854 GC heap after
{Heap after GC invocations=1 (full 0):
 PSYoungGen      total 29696K, used 3328K [0x00000000d5580000, 0x00000000d7680000, 0x0000000100000000)
  eden space 25600K, 0% used [0x00000000d5580000,0x00000000d5580000,0x00000000d6e80000)
  from space 4096K, 81% used [0x00000000d6e80000,0x00000000d71c00d8,0x00000000d7280000)
  to   space 4096K, 0% used [0x00000000d7280000,0x00000000d7280000,0x00000000d7680000)
 ParOldGen       total 68608K, used 16K [0x0000000080000000, 0x0000000084300000, 0x00000000d5580000)
  object space 68608K, 0% used [0x0000000080000000,0x0000000080004000,0x0000000084300000)
 Metaspace       used 4286K, committed 4544K, reserved 1114112K
  class space    used 469K, committed 576K, reserved 1048576K
}

Dll operation events (8 events):
Event: 0.015 Loaded shared library c:\Users\Kristina\.vscode\extensions\redhat.java-1.46.0-win32-x64\jre\21.0.8-win32-x86_64\bin\java.dll
Event: 0.168 Loaded shared library c:\Users\Kristina\.vscode\extensions\redhat.java-1.46.0-win32-x64\jre\21.0.8-win32-x86_64\bin\zip.dll
Event: 0.210 Loaded shared library C:\Users\Kristina\.vscode\extensions\redhat.java-1.46.0-win32-x64\jre\21.0.8-win32-x86_64\bin\instrument.dll
Event: 0.219 Loaded shared library C:\Users\Kristina\.vscode\extensions\redhat.java-1.46.0-win32-x64\jre\21.0.8-win32-x86_64\bin\net.dll
Event: 0.222 Loaded shared library C:\Users\Kristina\.vscode\extensions\redhat.java-1.46.0-win32-x64\jre\21.0.8-win32-x86_64\bin\nio.dll
Event: 0.229 Loaded shared library C:\Users\Kristina\.vscode\extensions\redhat.java-1.46.0-win32-x64\jre\21.0.8-win32-x86_64\bin\zip.dll
Event: 0.269 Loaded shared library C:\Users\Kristina\.vscode\extensions\redhat.java-1.46.0-win32-x64\jre\21.0.8-win32-x86_64\bin\jimage.dll
Event: 0.421 Loaded shared library c:\Users\Kristina\.vscode\extensions\redhat.java-1.46.0-win32-x64\jre\21.0.8-win32-x86_64\bin\verify.dll

Deoptimization events (20 events):
Event: 1.979 Thread 0x0000015abd19e030 Uncommon trap: trap_request=0xffffff45 fr.pc=0x0000015ac7edacd0 relative=0x0000000000000290
Event: 1.979 Thread 0x0000015abd19e030 Uncommon trap: reason=unstable_if action=reinterpret pc=0x0000015ac7edacd0 method=java.util.HashMap.hash(Ljava/lang/Object;)I @ 1 c2
Event: 1.979 Thread 0x0000015abd19e030 DEOPT PACKING pc=0x0000015ac7edacd0 sp=0x000000047adfe660
Event: 1.979 Thread 0x0000015abd19e030 DEOPT UNPACKING pc=0x0000015ac7923aa2 sp=0x000000047adfe4f8 mode 2
Event: 1.982 Thread 0x0000015abd19e030 Uncommon trap: trap_request=0xffffff45 fr.pc=0x0000015ac7ec9cac relative=0x000000000000034c
Event: 1.982 Thread 0x0000015abd19e030 Uncommon trap: reason=unstable_if action=reinterpret pc=0x0000015ac7ec9cac method=java.util.HashMap.hash(Ljava/lang/Object;)I @ 1 c2
Event: 1.982 Thread 0x0000015abd19e030 DEOPT PACKING pc=0x0000015ac7ec9cac sp=0x000000047adfe600
Event: 1.982 Thread 0x0000015abd19e030 DEOPT UNPACKING pc=0x0000015ac7923aa2 sp=0x000000047adfe508 mode 2
Event: 1.982 Thread 0x0000015abd19e030 Uncommon trap: trap_request=0xffffff45 fr.pc=0x0000015ac7ec7c54 relative=0x00000000000000b4
Event: 1.982 Thread 0x0000015abd19e030 Uncommon trap: reason=unstable_if action=reinterpret pc=0x0000015ac7ec7c54 method=java.util.HashMap.hash(Ljava/lang/Object;)I @ 1 c2
Event: 1.982 Thread 0x0000015abd19e030 DEOPT PACKING pc=0x0000015ac7ec7c54 sp=0x000000047adfe680
Event: 1.982 Thread 0x0000015abd19e030 DEOPT UNPACKING pc=0x0000015ac7923aa2 sp=0x000000047adfe618 mode 2
Event: 1.982 Thread 0x0000015abd19e030 Uncommon trap: trap_request=0xffffffde fr.pc=0x0000015ac7eb7254 relative=0x00000000000005b4
Event: 1.982 Thread 0x0000015abd19e030 Uncommon trap: reason=class_check action=maybe_recompile pc=0x0000015ac7eb7254 method=java.util.Collections$UnmodifiableCollection$1.<init>(Ljava/util/Collections$UnmodifiableCollection;)V @ 17 c2
Event: 1.982 Thread 0x0000015abd19e030 DEOPT PACKING pc=0x0000015ac7eb7254 sp=0x000000047adfe6b0
Event: 1.982 Thread 0x0000015abd19e030 DEOPT UNPACKING pc=0x0000015ac7923aa2 sp=0x000000047adfe5f8 mode 2
Event: 2.178 Thread 0x0000015abd19e030 Uncommon trap: trap_request=0xffffff45 fr.pc=0x0000015ac7ead2fc relative=0x000000000000019c
Event: 2.178 Thread 0x0000015abd19e030 Uncommon trap: reason=unstable_if action=reinterpret pc=0x0000015ac7ead2fc method=java.lang.invoke.VarHandle.checkAccessModeThenIsDirect(Ljava/lang/invoke/VarHandle$AccessDescriptor;)Z @ 4 c2
Event: 2.178 Thread 0x0000015abd19e030 DEOPT PACKING pc=0x0000015ac7ead2fc sp=0x000000047adfe660
Event: 2.178 Thread 0x0000015abd19e030 DEOPT UNPACKING pc=0x0000015ac7923aa2 sp=0x000000047adfe5b8 mode 2

Classes loaded (20 events):
Event: 2.254 Loading class java/util/concurrent/atomic/AtomicReference
Event: 2.255 Loading class java/util/concurrent/atomic/AtomicReference done
Event: 2.255 Loading class java/util/concurrent/SynchronousQueue
Event: 2.256 Loading class java/util/AbstractQueue
Event: 2.256 Loading class java/util/AbstractQueue done
Event: 2.256 Loading class java/util/concurrent/SynchronousQueue done
Event: 2.256 Loading class java/util/concurrent/SynchronousQueue$Transferer
Event: 2.256 Loading class java/util/concurrent/LinkedTransferQueue
Event: 2.257 Loading class java/util/concurrent/TransferQueue
Event: 2.257 Loading class java/util/concurrent/TransferQueue done
Event: 2.258 Loading class java/util/concurrent/LinkedTransferQueue done
Event: 2.258 Loading class java/util/concurrent/SynchronousQueue$Transferer done
Event: 2.258 Loading class java/util/concurrent/LinkedTransferQueue$DualNode
Event: 2.258 Loading class java/util/concurrent/LinkedTransferQueue$DualNode done
Event: 2.261 Loading class java/util/concurrent/RejectedExecutionHandler
Event: 2.261 Loading class java/util/concurrent/RejectedExecutionHandler done
Event: 2.261 Loading class java/util/concurrent/LinkedBlockingQueue
Event: 2.262 Loading class java/util/concurrent/LinkedBlockingQueue done
Event: 2.262 Loading class java/util/concurrent/LinkedBlockingQueue$Node
Event: 2.262 Loading class java/util/concurrent/LinkedBlockingQueue$Node done

Classes unloaded (0 events):
No events

Classes redefined (0 events):
No events

Internal exceptions (20 events):
Event: 1.142 Thread 0x0000015abd19e030 Exception <a 'java/io/FileNotFoundException'{0x00000000d64c2638}> (0x00000000d64c2638) 
thrown [s\src\hotspot\share\prims\jni.cpp, line 520]
Event: 1.144 Thread 0x0000015abd19e030 Exception <a 'java/io/FileNotFoundException'{0x00000000d64c32c0}> (0x00000000d64c32c0) 
thrown [s\src\hotspot\share\prims\jni.cpp, line 520]
Event: 1.145 Thread 0x0000015abd19e030 Exception <a 'java/io/FileNotFoundException'{0x00000000d64c3e30}> (0x00000000d64c3e30) 
thrown [s\src\hotspot\share\prims\jni.cpp, line 520]
Event: 1.187 Thread 0x0000015abd19e030 Implicit null exception at 0x0000015ac7ea03a4 to 0x0000015ac7ea0970
Event: 1.202 Thread 0x0000015abd19e030 Exception <a 'java/io/FileNotFoundException'{0x00000000d64fe008}> (0x00000000d64fe008) 
thrown [s\src\hotspot\share\prims\jni.cpp, line 520]
Event: 1.223 Thread 0x0000015abd19e030 Exception <a 'java/lang/NoSuchMethodError'{0x00000000d6539b20}: 'java.lang.Object java.lang.invoke.DirectMethodHandle$Holder.invokeInterface(java.lang.Object, java.lang.Object)'> (0x00000000d6539b20) 
thrown [s\src\hotspot\share\interpreter\linkResolver.cpp, line 773]
Event: 1.230 Thread 0x0000015abd19e030 Exception <a 'java/lang/NoSuchMethodError'{0x00000000d654d610}: 'java.lang.Object java.lang.invoke.Invokers$Holder.invokeExact_MT(java.lang.Object, java.lang.Object, java.lang.Object, java.lang.Object, java.lang.Object, java.lang.Object)'> (0x00000000d654d610) 
thrown [s\src\hotspot\share\interpreter\linkResolver.cpp, line 773]
Event: 1.238 Thread 0x0000015abd19e030 Exception <a 'java/lang/NoSuchMethodError'{0x00000000d6564868}: 'int java.lang.invoke.DirectMethodHandle$Holder.invokeStatic(java.lang.Object, java.lang.Object, java.lang.Object, java.lang.Object, java.lang.Object)'> (0x00000000d6564868) 
thrown [s\src\hotspot\share\interpreter\linkResolver.cpp, line 773]
Event: 1.318 Thread 0x0000015abd19e030 Exception <a 'java/lang/NoSuchMethodError'{0x00000000d65fa6b0}: 'java.lang.Object java.lang.invoke.DirectMethodHandle$Holder.invokeInterface(java.lang.Object, java.lang.Object, int)'> (0x00000000d65fa6b0) 
thrown [s\src\hotspot\share\interpreter\linkResolver.cpp, line 773]
Event: 1.702 Thread 0x0000015abd19e030 Exception <a 'java/lang/NoSuchMethodError'{0x00000000d6a87e00}: 'java.lang.ClassLoader java.lang.ClassLoader.getPlatformClassLoader(java.lang.Class)'> (0x00000000d6a87e00) 
thrown [s\src\hotspot\share\interpreter\linkResolver.cpp, line 773]
Event: 1.868 Thread 0x0000015abd19e030 Exception <a 'java/lang/ClassNotFoundException'{0x00000000d55a6330}: sun/net/www/protocol/c/Handler> (0x00000000d55a6330) 
thrown [s\src\hotspot\share\classfile\systemDictionary.cpp, line 312]
Event: 1.869 Thread 0x0000015abd19e030 Exception <a 'java/lang/ClassNotFoundException'{0x00000000d55a76d8}: sun/net/www/protocol/c/Handler> (0x00000000d55a76d8) 
thrown [s\src\hotspot\share\classfile\systemDictionary.cpp, line 312]
Event: 1.869 Thread 0x0000015abd19e030 Exception <a 'java/lang/ClassNotFoundException'{0x00000000d55a88c0}: sun/net/www/protocol/c/Handler> (0x00000000d55a88c0) 
thrown [s\src\hotspot\share\classfile\systemDictionary.cpp, line 312]
Event: 1.886 Thread 0x0000015abd19e030 Exception <a 'java/io/FileNotFoundException'{0x00000000d55cd578}> (0x00000000d55cd578) 
thrown [s\src\hotspot\share\prims\jni.cpp, line 520]
Event: 1.979 Thread 0x0000015abd19e030 Implicit null exception at 0x0000015ac7ec6929 to 0x0000015ac7ec71dc
Event: 1.979 Thread 0x0000015abd19e030 Implicit null exception at 0x0000015ac7edaa9a to 0x0000015ac7edacb8
Event: 1.980 Thread 0x0000015abd19e030 Exception <a 'java/lang/NoSuchMethodError'{0x00000000d577afb0}: 'void java.lang.invoke.DirectMethodHandle$Holder.invokeStatic(java.lang.Object, java.lang.Object, java.lang.Object, java.lang.Object)'> (0x00000000d577afb0) 
thrown [s\src\hotspot\share\interpreter\linkResolver.cpp, line 773]
Event: 1.982 Thread 0x0000015abd19e030 Implicit null exception at 0x0000015ac7ec99c0 to 0x0000015ac7ec9c94
Event: 1.982 Thread 0x0000015abd19e030 Implicit null exception at 0x0000015ac7ec7bc0 to 0x0000015ac7ec7c45
Event: 2.208 Thread 0x0000015abd19e030 Exception <a 'java/lang/NoSuchMethodError'{0x00000000d59f1570}: 'void java.lang.invoke.DirectMethodHandle$Holder.invokeSpecial(java.lang.Object, java.lang.Object, java.lang.Object)'> (0x00000000d59f1570) 
thrown [s\src\hotspot\share\interpreter\linkResolver.cpp, line 773]

ZGC Phase Switch (0 events):
No events

VM Operations (12 events):
Event: 0.166 Executing VM operation: HandshakeAllThreads (Deoptimize)
Event: 0.166 Executing VM operation: HandshakeAllThreads (Deoptimize) done
Event: 0.299 Executing VM operation: HandshakeAllThreads (Deoptimize)
Event: 0.299 Executing VM operation: HandshakeAllThreads (Deoptimize) done
Event: 0.918 Executing VM operation: HandshakeAllThreads (Deoptimize)
Event: 0.918 Executing VM operation: HandshakeAllThreads (Deoptimize) done
Event: 1.773 Executing VM operation: ICBufferFull
Event: 1.773 Executing VM operation: ICBufferFull done
Event: 1.814 Executing VM operation: HandshakeAllThreads (Deoptimize)
Event: 1.814 Executing VM operation: HandshakeAllThreads (Deoptimize) done
Event: 1.839 Executing VM operation: ParallelGCFailedAllocation (Allocation Failure)
Event: 1.854 Executing VM operation: ParallelGCFailedAllocation (Allocation Failure) done

Memory protections (0 events):
No events

Nmethod flushes (0 events):
No events

Events (13 events):
Event: 0.051 Thread 0x0000015abd19e030 Thread added: 0x0000015abd19e030
Event: 0.085 Thread 0x0000015abd19e030 Thread added: 0x0000015ad3bfd730
Event: 0.085 Thread 0x0000015abd19e030 Thread added: 0x0000015ad3bfe890
Event: 0.086 Thread 0x0000015abd19e030 Thread added: 0x0000015ad3c00be0
Event: 0.086 Thread 0x0000015abd19e030 Thread added: 0x0000015ad3c03bb0
Event: 0.086 Thread 0x0000015abd19e030 Thread added: 0x0000015ad3c05770
Event: 0.086 Thread 0x0000015abd19e030 Thread added: 0x0000015ad3c0a530
Event: 0.086 Thread 0x0000015abd19e030 Thread added: 0x0000015ad3c10a20
Event: 0.087 Thread 0x0000015abd19e030 Thread added: 0x0000015ad3c11710
Event: 0.138 Thread 0x0000015abd19e030 Thread added: 0x0000015b165f9170
Event: 0.611 Thread 0x0000015abd19e030 Thread added: 0x0000015b16830f60
Event: 1.031 Thread 0x0000015ad3c11710 Thread added: 0x0000015b1b222cd0
Event: 2.197 Thread 0x0000015b1b222cd0 Thread exited: 0x0000015b1b222cd0


Dynamic libraries:
0x00007ff6c42e0000 - 0x00007ff6c42ee000 	c:\Users\Kristina\.vscode\extensions\redhat.java-1.46.0-win32-x64\jre\21.0.8-win32-x86_64\bin\java.exe
0x00007ffeb00d0000 - 0x00007ffeb02c8000 	C:\WINDOWS\SYSTEM32\ntdll.dll
0x00007ffeae9b0000 - 0x00007ffeaea72000 	C:\WINDOWS\System32\KERNEL32.DLL
0x00007ffead7a0000 - 0x00007ffeada96000 	C:\WINDOWS\System32\KERNELBASE.dll
0x00007ffeade30000 - 0x00007ffeadf30000 	C:\WINDOWS\System32\ucrtbase.dll
0x00007ffea7d60000 - 0x00007ffea7d78000 	c:\Users\Kristina\.vscode\extensions\redhat.java-1.46.0-win32-x64\jre\21.0.8-win32-x86_64\bin\jli.dll
0x00007ffea62c0000 - 0x00007ffea62de000 	c:\Users\Kristina\.vscode\extensions\redhat.java-1.46.0-win32-x64\jre\21.0.8-win32-x86_64\bin\VCRUNTIME140.dll
0x00007ffeae100000 - 0x00007ffeae29d000 	C:\WINDOWS\System32\USER32.dll
0x00007ffe9c230000 - 0x00007ffe9c4cb000 	C:\WINDOWS\WinSxS\amd64_microsoft.windows.common-controls_6595b64144ccf1df_6.0.19041.6280_none_60bc30a171f2f3f3\COMCTL32.dll
0x00007ffeae5d0000 - 0x00007ffeae66e000 	C:\WINDOWS\System32\msvcrt.dll
0x00007ffead770000 - 0x00007ffead792000 	C:\WINDOWS\System32\win32u.dll
0x00007ffeae850000 - 0x00007ffeae87b000 	C:\WINDOWS\System32\GDI32.dll
0x00007ffeadfe0000 - 0x00007ffeae0f9000 	C:\WINDOWS\System32\gdi32full.dll
0x00007ffeadc00000 - 0x00007ffeadc9d000 	C:\WINDOWS\System32\msvcp_win.dll
0x00007ffeae880000 - 0x00007ffeae8af000 	C:\WINDOWS\System32\IMM32.DLL
0x00007ffea9810000 - 0x00007ffea981c000 	c:\Users\Kristina\.vscode\extensions\redhat.java-1.46.0-win32-x64\jre\21.0.8-win32-x86_64\bin\vcruntime140_1.dll
0x00007ffe9eb10000 - 0x00007ffe9eb9d000 	c:\Users\Kristina\.vscode\extensions\redhat.java-1.46.0-win32-x64\jre\21.0.8-win32-x86_64\bin\msvcp140.dll
0x00007ffe1f370000 - 0x00007ffe20107000 	c:\Users\Kristina\.vscode\extensions\redhat.java-1.46.0-win32-x64\jre\21.0.8-win32-x86_64\bin\server\jvm.dll
0x00007ffeae3e0000 - 0x00007ffeae491000 	C:\WINDOWS\System32\ADVAPI32.dll
0x00007ffeae7b0000 - 0x00007ffeae84f000 	C:\WINDOWS\System32\sechost.dll
0x00007ffeae2c0000 - 0x00007ffeae3e0000 	C:\WINDOWS\System32\RPCRT4.dll
0x00007ffeadca0000 - 0x00007ffeadcc7000 	C:\WINDOWS\System32\bcrypt.dll
0x00007ffeae670000 - 0x00007ffeae6db000 	C:\WINDOWS\System32\WS2_32.dll
0x00007ffead070000 - 0x00007ffead0bb000 	C:\WINDOWS\SYSTEM32\POWRPROF.dll
0x00007ffe9f950000 - 0x00007ffe9f977000 	C:\WINDOWS\SYSTEM32\WINMM.dll
0x00007ffea7080000 - 0x00007ffea708a000 	C:\WINDOWS\SYSTEM32\VERSION.dll
0x00007ffead050000 - 0x00007ffead062000 	C:\WINDOWS\SYSTEM32\UMPDC.dll
0x00007ffeabf50000 - 0x00007ffeabf62000 	C:\WINDOWS\SYSTEM32\kernel.appcore.dll
0x00007ffea9010000 - 0x00007ffea901a000 	c:\Users\Kristina\.vscode\extensions\redhat.java-1.46.0-win32-x64\jre\21.0.8-win32-x86_64\bin\jimage.dll
0x00007ffeab490000 - 0x00007ffeab691000 	C:\WINDOWS\SYSTEM32\DBGHELP.DLL
0x00007ffea4cc0000 - 0x00007ffea4cf4000 	C:\WINDOWS\SYSTEM32\dbgcore.DLL
0x00007ffeadb20000 - 0x00007ffeadba2000 	C:\WINDOWS\System32\bcryptPrimitives.dll
0x00007ffea7c50000 - 0x00007ffea7c5f000 	c:\Users\Kristina\.vscode\extensions\redhat.java-1.46.0-win32-x64\jre\21.0.8-win32-x86_64\bin\instrument.dll
0x00007ffea6230000 - 0x00007ffea624f000 	c:\Users\Kristina\.vscode\extensions\redhat.java-1.46.0-win32-x64\jre\21.0.8-win32-x86_64\bin\java.dll
0x00007ffeaeb40000 - 0x00007ffeaf2b0000 	C:\WINDOWS\System32\SHELL32.dll
0x00007ffeab790000 - 0x00007ffeabf35000 	C:\WINDOWS\SYSTEM32\windows.storage.dll
0x00007ffeafb80000 - 0x00007ffeafed3000 	C:\WINDOWS\System32\combase.dll
0x00007ffead0c0000 - 0x00007ffead0eb000 	C:\WINDOWS\SYSTEM32\Wldp.dll
0x00007ffeae6e0000 - 0x00007ffeae7ad000 	C:\WINDOWS\System32\OLEAUT32.dll
0x00007ffeaf310000 - 0x00007ffeaf3bd000 	C:\WINDOWS\System32\SHCORE.dll
0x00007ffeaea80000 - 0x00007ffeaeadb000 	C:\WINDOWS\System32\shlwapi.dll
0x00007ffead6a0000 - 0x00007ffead6c4000 	C:\WINDOWS\SYSTEM32\profapi.dll
0x00007ffea4870000 - 0x00007ffea4888000 	c:\Users\Kristina\.vscode\extensions\redhat.java-1.46.0-win32-x64\jre\21.0.8-win32-x86_64\bin\zip.dll
0x00007ffea75c0000 - 0x00007ffea75d0000 	C:\Users\Kristina\.vscode\extensions\redhat.java-1.46.0-win32-x64\jre\21.0.8-win32-x86_64\bin\net.dll
0x00007ffea4e50000 - 0x00007ffea4f5a000 	C:\WINDOWS\SYSTEM32\WINHTTP.dll
0x00007ffeace20000 - 0x00007ffeace8a000 	C:\WINDOWS\system32\mswsock.dll
0x00007ffea3f60000 - 0x00007ffea3f76000 	C:\Users\Kristina\.vscode\extensions\redhat.java-1.46.0-win32-x64\jre\21.0.8-win32-x86_64\bin\nio.dll
0x00007ffea6bd0000 - 0x00007ffea6be0000 	c:\Users\Kristina\.vscode\extensions\redhat.java-1.46.0-win32-x64\jre\21.0.8-win32-x86_64\bin\verify.dll

JVMTI agents:
c:\Users\Kristina\.vscode\extensions\redhat.java-1.46.0-win32-x64\lombok\lombok-1.18.39-4050.jar path:c:\Users\Kristina\.vscode\extensions\redhat.java-1.46.0-win32-x64\jre\21.0.8-win32-x86_64\bin\instrument.dll, loaded, initialized, instrumentlib options:none

dbghelp: loaded successfully - version: 4.0.5 - missing functions: none
symbol engine: initialized successfully - sym options: 0x614 - pdb path: .;c:\Users\Kristina\.vscode\extensions\redhat.java-1.46.0-win32-x64\jre\21.0.8-win32-x86_64\bin;C:\WINDOWS\SYSTEM32;C:\WINDOWS\WinSxS\amd64_microsoft.windows.common-controls_6595b64144ccf1df_6.0.19041.6280_none_60bc30a171f2f3f3;c:\Users\Kristina\.vscode\extensions\redhat.java-1.46.0-win32-x64\jre\21.0.8-win32-x86_64\bin\server

VM Arguments:
jvm_args: --add-modules=ALL-SYSTEM --add-opens=java.base/java.util=ALL-UNNAMED --add-opens=java.base/java.lang=ALL-UNNAMED --add-opens=java.base/sun.nio.fs=ALL-UNNAMED -Declipse.application=org.eclipse.jdt.ls.core.id1 -Dosgi.bundles.defaultStartLevel=4 -Declipse.product=org.eclipse.jdt.ls.core.product -Djava.import.generatesMetadataFilesAtProjectRoot=false -DDetectVMInstallationsJob.disabled=true -Dfile.encoding=utf8 -XX:+UseParallelGC -XX:GCTimeRatio=4 -XX:AdaptiveSizePolicyWeight=90 -Dsun.zip.disableMemoryMapping=true -Xmx2G -Xms100m -Xlog:disable -javaagent:c:\Users\Kristina\.vscode\extensions\redhat.java-1.46.0-win32-x64\lombok\lombok-1.18.39-4050.jar 
java_command: c:\Users\Kristina\.vscode\extensions\redhat.java-1.46.0-win32-x64\server\plugins\org.eclipse.equinox.launcher_1.7.0.v20250519-0528.jar -configuration c:\Users\Kristina\AppData\Roaming\Code\User\globalStorage\redhat.java\1.46.0\config_ss_win -data c:\Users\Kristina\AppData\Roaming\Code\User\workspaceStorage\ecc49b1e08973d27825871927b1c4fd5\redhat.java\ss_ws --pipe=\\.\pipe\lsp-dddeab738f4e580cb7bb3563a6e315bc-sock
java_class_path (initial): c:\Users\Kristina\.vscode\extensions\redhat.java-1.46.0-win32-x64\server\plugins\org.eclipse.equinox.launcher_1.7.0.v20250519-0528.jar
Launcher Type: SUN_STANDARD

[Global flags]
    uintx AdaptiveSizePolicyWeight                 = 90                                        {product} {command line}
     intx CICompilerCount                          = 4                                         {product} {ergonomic}
    uintx GCTimeRatio                              = 4                                         {product} {command line}
   size_t InitialHeapSize                          = 104857600                                 {product} {command line}
   size_t MaxHeapSize                              = 2147483648                                {product} {command line}
   size_t MaxNewSize                               = 715653120                                 {product} {ergonomic}
   size_t MinHeapDeltaBytes                        = 524288                                    {product} {ergonomic}
   size_t MinHeapSize                              = 104857600                                 {product} {command line}
   size_t NewSize                                  = 34603008                                  {product} {ergonomic}
    uintx NonNMethodCodeHeapSize                   = 5839372                                {pd product} {ergonomic}
    uintx NonProfiledCodeHeapSize                  = 122909434                              {pd product} {ergonomic}
   size_t OldSize                                  = 70254592                                  {product} {ergonomic}
    uintx ProfiledCodeHeapSize                     = 122909434                              {pd product} {ergonomic}
    uintx ReservedCodeCacheSize                    = 251658240                              {pd product} {ergonomic}
     bool SegmentedCodeCache                       = true                                      {product} {ergonomic}
   size_t SoftMaxHeapSize                          = 2147483648                             {manageable} {ergonomic}
     bool UseCompressedOops                        = true                           {product lp64_product} {ergonomic}
     bool UseLargePagesIndividualAllocation        = false                                  {pd product} {ergonomic}
     bool UseParallelGC                            = true                                      {product} {command line}

Logging:
Log output configuration:
 #0: stdout all=off uptime,level,tags foldmultilines=false
 #1: stderr all=off uptime,level,tags foldmultilines=false

Environment Variables:
JAVA_HOME=C:\Users\Kristina\Documents\openjdk-25_windows-x64_bin\jdk-25
PATH=C:\Python314\Scripts\;C:\Python314\;C:\WINDOWS\system32;C:\WINDOWS;C:\WINDOWS\System32\Wbem;C:\WINDOWS\System32\WindowsPowerShell\v1.0\;C:\WINDOWS\System32\OpenSSH\;C:\Program Files\Docker\Docker\resources\bin;C:\Program Files\Microsoft VS Code\bin;C:\Program Files\nodejs\;C:\ProgramData\chocolatey\bin;C:\Program Files\Git\cmd;C:\Users\Kristina\Documents\openjdk-25_windows-x64_bin\jdk-25\bin;C:\Users\Kristina\Downloads\apache-maven-3.9.11-bin\apache-maven-3.9.11\bin;C:\Program Files\MySQL\MySQL Shell 8.0\bin\;C:\Users\Kristina\AppData\Local\Microsoft\WindowsApps;C:\Program Files\JetBrains\IntelliJ IDEA 2025.2.3\bin;C:\Users\Kristina\AppData\Roaming\npm
USERNAME=Kristina
OS=Windows_NT
PROCESSOR_IDENTIFIER=Intel64 Family 6 Model 142 Stepping 12, GenuineIntel
TMP=C:\Users\Kristina\AppData\Local\Temp
TEMP=C:\Users\Kristina\AppData\Local\Temp




Periodic native trim disabled

---------------  S Y S T E M  ---------------

OS:
 Windows 10 , 64 bit Build 19041 (10.0.19041.5915)
OS uptime: 5 days 3:20 hours
Hyper-V role detected

CPU: total 8 (initial active 8) (4 cores per cpu, 2 threads per core) family 6 model 142 stepping 12 microcode 0xc6, cx8, cmov, fxsr, ht, mmx, 3dnowpref, sse, sse2, sse3, ssse3, sse4.1, sse4.2, popcnt, lzcnt, tsc, tscinvbit, avx, avx2, aes, erms, clmul, bmi1, bmi2, adx, fma, vzeroupper, clflush, clflushopt, hv, rdtscp, f16c
Processor Information for processor 0
  Max Mhz: 2112, Current Mhz: 1609, Mhz Limit: 1605
Processor Information for processor 1
  Max Mhz: 2112, Current Mhz: 1609, Mhz Limit: 1605
Processor Information for processor 2
  Max Mhz: 2112, Current Mhz: 1408, Mhz Limit: 1605
Processor Information for processor 3
  Max Mhz: 2112, Current Mhz: 1609, Mhz Limit: 1605
Processor Information for processor 4
  Max Mhz: 2112, Current Mhz: 1609, Mhz Limit: 1605
Processor Information for processor 5
  Max Mhz: 2112, Current Mhz: 1609, Mhz Limit: 1605
Processor Information for processor 6
  Max Mhz: 2112, Current Mhz: 1609, Mhz Limit: 1605
Processor Information for processor 7
  Max Mhz: 2112, Current Mhz: 1609, Mhz Limit: 1605

Memory: 4k page, system-wide physical 8025M (460M free)
TotalPageFile size 32601M (AvailPageFile size 9M)
current process WorkingSet (physical memory assigned to process): 81M, peak: 81M
current process commit charge ("private bytes"): 235M, peak: 235M

vm_info: OpenJDK 64-Bit Server VM (21.0.8+9-LTS) for windows-amd64 JRE (21.0.8+9-LTS), built on 2025-07-15T00:00:00Z by "admin" with MS VC++ 17.7 (VS2022)

END.
