#
# There is insufficient memory for the Java Runtime Environment to continue.
# Native memory allocation (malloc) failed to allocate 1048576 bytes. Error detail: AllocateHeap
# Possible reasons:
#   The system is out of physical RAM or swap space
#   This process is running with CompressedOops enabled, and the Java Heap may be blocking the growth of the native heap
# Possible solutions:
#   Reduce memory load on the system
#   Increase physical memory or swap space
#   Check if swap backing store is full
#   Decrease Java heap size (-Xmx/-Xms)
#   Decrease number of Java threads
#   Decrease Java thread stack sizes (-Xss)
#   Set larger code cache with -XX:ReservedCodeCacheSize=
#   JVM is running with Unscaled Compressed Oops mode in which the Java heap is
#     placed in the first 4GB address space. The Java Heap base address is the
#     maximum limit for the native heap growth. Please use -XX:HeapBaseMinAddress
#     to set the Java Heap base and to place the Java Heap above 4GB virtual address.
# This output file may be truncated or incomplete.
#
#  Out of Memory Error (allocation.cpp:44), pid=19244, tid=9940
#
# JRE version: OpenJDK Runtime Environment Temurin-21.0.8+9 (21.0.8+9) (build 21.0.8+9-LTS)
# Java VM: OpenJDK 64-Bit Server VM Temurin-21.0.8+9 (21.0.8+9-LTS, mixed mode, sharing, tiered, compressed oops, compressed class ptrs, parallel gc, windows-amd64)
# No core dump will be written. Minidumps are not enabled by default on client versions of Windows
#

---------------  S U M M A R Y ------------

Command Line: --add-modules=ALL-SYSTEM --add-opens=java.base/java.util=ALL-UNNAMED --add-opens=java.base/java.lang=ALL-UNNAMED --add-opens=java.base/sun.nio.fs=ALL-UNNAMED -Declipse.application=org.eclipse.jdt.ls.core.id1 -Dosgi.bundles.defaultStartLevel=4 -Declipse.product=org.eclipse.jdt.ls.core.product -Djava.import.generatesMetadataFilesAtProjectRoot=false -DDetectVMInstallationsJob.disabled=true -Dfile.encoding=utf8 -XX:+UseParallelGC -XX:GCTimeRatio=4 -XX:AdaptiveSizePolicyWeight=90 -Dsun.zip.disableMemoryMapping=true -Xmx2G -Xms100m -Xlog:disable -javaagent:c:\Users\Kristina\.vscode\extensions\redhat.java-1.46.0-win32-x64\lombok\lombok-1.18.39-4050.jar -XX:+HeapDumpOnOutOfMemoryError -XX:HeapDumpPath=c:\Users\Kristina\AppData\Roaming\Code\User\workspaceStorage\ecc49b1e08973d27825871927b1c4fd5\redhat.java -Daether.dependencyCollector.impl=bf c:\Users\Kristina\.vscode\extensions\redhat.java-1.46.0-win32-x64\server\plugins\org.eclipse.equinox.launcher_1.7.0.v20250519-0528.jar -configuration c:\Users\Kristina\AppData\Roaming\Code\User\globalStorage\redhat.java\1.46.0\config_win -data c:\Users\Kristina\AppData\Roaming\Code\User\workspaceStorage\ecc49b1e08973d27825871927b1c4fd5\redhat.java\jdt_ws --pipe=\\.\pipe\lsp-65c1491b367818f5026aade80767dbbd-sock

Host: Intel(R) Core(TM) i5-10210U CPU @ 1.60GHz, 8 cores, 7G,  Windows 10 , 64 bit Build 19041 (10.0.19041.5915)
Time: Sun Nov  2 18:00:14 2025 Central Europe Standard Time elapsed time: 4281.698243 seconds (0d 1h 11m 21s)

---------------  T H R E A D  ---------------

Current thread (0x000002be54b8f040):  JavaThread "Attach Listener" daemon [_thread_in_vm, id=9940, stack(0x000000dae2f00000,0x000000dae3000000) (1024K)]

Stack: [0x000000dae2f00000,0x000000dae3000000]
Native frames: (J=compiled Java code, j=interpreted, Vv=VM code, C=native code)
V  [jvm.dll+0x6d2449]
V  [jvm.dll+0x8ae341]
V  [jvm.dll+0x8b08be]
V  [jvm.dll+0x8b0fa3]
V  [jvm.dll+0x280c96]
V  [jvm.dll+0xc0347]
V  [jvm.dll+0x6d2cf9]
V  [jvm.dll+0x131116]
V  [jvm.dll+0x3f2d16]
V  [jvm.dll+0x857e6b]
V  [jvm.dll+0x6d0b0d]
C  [ucrtbase.dll+0x21bb2]
C  [KERNEL32.DLL+0x17374]
C  [ntdll.dll+0x4cc91]


---------------  P R O C E S S  ---------------

Threads class SMR info:
_java_thread_list=0x000002be9e596e50, length=34, elements={
0x000002be3e131760, 0x000002be54b8acb0, 0x000002be54b8c5b0, 0x000002be54b8e130,
0x000002be54b8f040, 0x000002be54b95960, 0x000002be54b9fe40, 0x000002be54baa230,
0x000002be54bae990, 0x000002be54ba04d0, 0x000002be54ba0b60, 0x000002be54b9f120,
0x000002be54b9f7b0, 0x000002be54b9d6e0, 0x000002be54b9dd70, 0x000002be54b9ea90,
0x000002be54b9e400, 0x000002be9c711f10, 0x000002be9c7132c0, 0x000002be9c713fe0,
0x000002be9c717460, 0x000002be9c7125a0, 0x000002be9c714670, 0x000002be9c714d00,
0x000002be9c718810, 0x000002be9c711880, 0x000002be9c715390, 0x000002be9c717af0,
0x000002be9c7160b0, 0x000002be9c718180, 0x000002be9c716740, 0x000002be9c715a20,
0x000002be9c718ea0, 0x000002be9e3b85e0
}

Java Threads: ( => current thread )
  0x000002be3e131760 JavaThread "main"                              [_thread_blocked, id=13796, stack(0x000000dae2800000,0x000000dae2900000) (1024K)]
  0x000002be54b8acb0 JavaThread "Reference Handler"          daemon [_thread_blocked, id=3484, stack(0x000000dae2c00000,0x000000dae2d00000) (1024K)]
  0x000002be54b8c5b0 JavaThread "Finalizer"                  daemon [_thread_blocked, id=16152, stack(0x000000dae2d00000,0x000000dae2e00000) (1024K)]
  0x000002be54b8e130 JavaThread "Signal Dispatcher"          daemon [_thread_blocked, id=22484, stack(0x000000dae2e00000,0x000000dae2f00000) (1024K)]
=>0x000002be54b8f040 JavaThread "Attach Listener"            daemon [_thread_in_vm, id=9940, stack(0x000000dae2f00000,0x000000dae3000000) (1024K)]
  0x000002be54b95960 JavaThread "Service Thread"             daemon [_thread_blocked, id=21832, stack(0x000000dae3000000,0x000000dae3100000) (1024K)]
  0x000002be54b9fe40 JavaThread "Monitor Deflation Thread"   daemon [_thread_blocked, id=3872, stack(0x000000dae3100000,0x000000dae3200000) (1024K)]
  0x000002be54baa230 JavaThread "C2 CompilerThread0"         daemon [_thread_blocked, id=10092, stack(0x000000dae3200000,0x000000dae3300000) (1024K)]
  0x000002be54bae990 JavaThread "C1 CompilerThread0"         daemon [_thread_blocked, id=22004, stack(0x000000dae3300000,0x000000dae3400000) (1024K)]
  0x000002be54ba04d0 JavaThread "Common-Cleaner"             daemon [_thread_blocked, id=7536, stack(0x000000dae3400000,0x000000dae3500000) (1024K)]
  0x000002be54ba0b60 JavaThread "Notification Thread"        daemon [_thread_blocked, id=9900, stack(0x000000dae3500000,0x000000dae3600000) (1024K)]
  0x000002be54b9f120 JavaThread "Active Thread: Equinox Container: cf84d59e-b816-4523-a931-099db48e19ab"        [_thread_blocked, id=12528, stack(0x000000dae3d00000,0x000000dae3e00000) (1024K)]
  0x000002be54b9f7b0 JavaThread "Refresh Thread: Equinox Container: cf84d59e-b816-4523-a931-099db48e19ab" daemon [_thread_blocked, id=1560, stack(0x000000dae3600000,0x000000dae3700000) (1024K)]
  0x000002be54b9d6e0 JavaThread "Framework Event Dispatcher: Equinox Container: cf84d59e-b816-4523-a931-099db48e19ab" daemon [_thread_blocked, id=21380, stack(0x000000dae3f00000,0x000000dae4000000) (1024K)]
  0x000002be54b9dd70 JavaThread "Start Level: Equinox Container: cf84d59e-b816-4523-a931-099db48e19ab" daemon [_thread_blocked, id=18944, stack(0x000000dae4000000,0x000000dae4100000) (1024K)]
  0x000002be54b9ea90 JavaThread "Bundle File Closer"         daemon [_thread_blocked, id=20832, stack(0x000000dae4100000,0x000000dae4200000) (1024K)]
  0x000002be54b9e400 JavaThread "SCR Component Actor"        daemon [_thread_blocked, id=17208, stack(0x000000dae4200000,0x000000dae4300000) (1024K)]
  0x000002be9c711f10 JavaThread "Worker-JM"                         [_thread_blocked, id=23720, stack(0x000000dae4300000,0x000000dae4400000) (1024K)]
  0x000002be9c7132c0 JavaThread "JNA Cleaner"                daemon [_thread_blocked, id=7896, stack(0x000000dae4400000,0x000000dae4500000) (1024K)]
  0x000002be9c713fe0 JavaThread "Java indexing"              daemon [_thread_blocked, id=12696, stack(0x000000dae4700000,0x000000dae4800000) (1024K)]
  0x000002be9c717460 JavaThread "Worker-2"                          [_thread_blocked, id=8200, stack(0x000000dae4a00000,0x000000dae4b00000) (1024K)]
  0x000002be9c7125a0 JavaThread "Worker-3"                          [_thread_blocked, id=22852, stack(0x000000dae4b00000,0x000000dae4c00000) (1024K)]
  0x000002be9c714670 JavaThread "Thread-1"                   daemon [_thread_in_native, id=21776, stack(0x000000dae4c00000,0x000000dae4d00000) (1024K)]
  0x000002be9c714d00 JavaThread "Thread-2"                   daemon [_thread_in_native, id=9892, stack(0x000000dae4d00000,0x000000dae4e00000) (1024K)]
  0x000002be9c718810 JavaThread "Thread-3"                   daemon [_thread_in_native, id=21612, stack(0x000000dae4e00000,0x000000dae4f00000) (1024K)]
  0x000002be9c711880 JavaThread "Thread-4"                   daemon [_thread_in_native, id=12560, stack(0x000000dae4f00000,0x000000dae5000000) (1024K)]
  0x000002be9c715390 JavaThread "Thread-5"                   daemon [_thread_in_native, id=12764, stack(0x000000dae5000000,0x000000dae5100000) (1024K)]
  0x000002be9c717af0 JavaThread "Thread-6"                   daemon [_thread_in_native, id=14180, stack(0x000000dae5100000,0x000000dae5200000) (1024K)]
  0x000002be9c7160b0 JavaThread "Thread-7"                   daemon [_thread_in_native, id=18940, stack(0x000000dae5200000,0x000000dae5300000) (1024K)]
  0x000002be9c718180 JavaThread "Thread-8"                   daemon [_thread_in_native, id=14284, stack(0x000000dae5300000,0x000000dae5400000) (1024K)]
  0x000002be9c716740 JavaThread "Thread-9"                   daemon [_thread_in_native, id=14288, stack(0x000000dae5400000,0x000000dae5500000) (1024K)]
  0x000002be9c715a20 JavaThread "pool-2-thread-1"                   [_thread_blocked, id=13268, stack(0x000000dae5500000,0x000000dae5600000) (1024K)]
  0x000002be9c718ea0 JavaThread "WorkspaceEventsHandler"            [_thread_blocked, id=22572, stack(0x000000dae5600000,0x000000dae5700000) (1024K)]
  0x000002be9e3b85e0 JavaThread "pool-1-thread-1"                   [_thread_blocked, id=22228, stack(0x000000dae5700000,0x000000dae5800000) (1024K)]
Total: 34

Other Threads:
  0x000002be54b81f40 VMThread "VM Thread"                           [id=17180, stack(0x000000dae2b00000,0x000000dae2c00000) (1024K)]
  0x000002be3e19e560 WatcherThread "VM Periodic Task Thread"        [id=22700, stack(0x000000dae2a00000,0x000000dae2b00000) (1024K)]
  0x000002be3e1505f0 WorkerThread "GC Thread#0"                     [id=14216, stack(0x000000dae2900000,0x000000dae2a00000) (1024K)]
  0x000002be9c334160 WorkerThread "GC Thread#1"                     [id=5060, stack(0x000000dae3700000,0x000000dae3800000) (1024K)]
  0x000002be9c32efb0 WorkerThread "GC Thread#2"                     [id=16332, stack(0x000000dae3800000,0x000000dae3900000) (1024K)]
  0x000002be9c32f350 WorkerThread "GC Thread#3"                     [id=10320, stack(0x000000dae3900000,0x000000dae3a00000) (1024K)]
  0x000002be9c334500 WorkerThread "GC Thread#4"                     [id=13324, stack(0x000000dae3a00000,0x000000dae3b00000) (1024K)]
  0x000002be9c530450 WorkerThread "GC Thread#5"                     [id=16912, stack(0x000000dae3b00000,0x000000dae3c00000) (1024K)]
  0x000002be9c5307f0 WorkerThread "GC Thread#6"                     [id=23840, stack(0x000000dae3c00000,0x000000dae3d00000) (1024K)]
  0x000002be9c5312d0 WorkerThread "GC Thread#7"                     [id=20272, stack(0x000000dae3e00000,0x000000dae3f00000) (1024K)]
Total: 10

Threads with active compile tasks:
Total: 0

VM state: not at safepoint (normal execution)

VM Mutex/Monitor currently owned by a thread: None

Heap address: 0x0000000080000000, size: 2048 MB, Compressed Oops mode: 32-bit

CDS archive(s) mapped at: [0x000002be55000000-0x000002be55ba0000-0x000002be55ba0000), size 12189696, SharedBaseAddress: 0x000002be55000000, ArchiveRelocationMode: 1.
Compressed class space mapped at: 0x000002be56000000-0x000002be96000000, reserved size: 1073741824
Narrow klass base: 0x000002be55000000, Narrow klass shift: 0, Narrow klass range: 0x100000000

GC Precious Log:
 CardTable entry size: 512
 CPUs: 8 total, 8 available
 Memory: 8025M
 Large Page Support: Disabled
 NUMA Support: Disabled
 Compressed Oops: Enabled (32-bit)
 Alignments: Space 512K, Generation 512K, Heap 2M
 Heap Min Capacity: 100M
 Heap Initial Capacity: 100M
 Heap Max Capacity: 2G
 Pre-touch: Disabled
 Parallel Workers: 8

Heap:
 PSYoungGen      total 12800K, used 11213K [0x00000000d5580000, 0x00000000d6380000, 0x0000000100000000)
  eden space 11776K, 92% used [0x00000000d5580000,0x00000000d602b4c8,0x00000000d6100000)
  from space 1024K, 28% used [0x00000000d6180000,0x00000000d61c8000,0x00000000d6280000)
  to   space 512K, 0% used [0x00000000d6300000,0x00000000d6300000,0x00000000d6380000)
 ParOldGen       total 72704K, used 72476K [0x0000000080000000, 0x0000000084700000, 0x00000000d5580000)
  object space 72704K, 99% used [0x0000000080000000,0x00000000846c7110,0x0000000084700000)
 Metaspace       used 57963K, committed 59264K, reserved 1114112K
  class space    used 6250K, committed 6848K, reserved 1048576K

Card table byte_map: [0x000002be3db10000,0x000002be3df20000] _byte_map_base: 0x000002be3d710000

Marking Bits: (ParMarkBitMap*) 0x00007ffc9b66a340
 Begin Bits: [0x000002be505e0000, 0x000002be525e0000)
 End Bits:   [0x000002be525e0000, 0x000002be545e0000)

Polling page: 0x000002be3d900000

Metaspace:

Usage:
  Non-class:     50.50 MB used.
      Class:      6.10 MB used.
       Both:     56.61 MB used.

Virtual space:
  Non-class space:       64.00 MB reserved,      51.19 MB ( 80%) committed,  1 nodes.
      Class space:        1.00 GB reserved,       6.69 MB ( <1%) committed,  1 nodes.
             Both:        1.06 GB reserved,      57.88 MB (  5%) committed. 

Chunk freelists:
   Non-Class:  12.83 MB
       Class:  9.34 MB
        Both:  22.17 MB

MaxMetaspaceSize: unlimited
CompressedClassSpaceSize: 1.00 GB
Initial GC threshold: 21.00 MB
Current GC threshold: 58.38 MB
CDS: on
 - commit_granule_bytes: 65536.
 - commit_granule_words: 8192.
 - virtual_space_node_default_size: 8388608.
 - enlarge_chunks_in_place: 1.
 - use_allocation_guard: 0.


Internal statistics:

num_allocs_failed_limit: 6.
num_arena_births: 1078.
num_arena_deaths: 14.
num_vsnodes_births: 2.
num_vsnodes_deaths: 0.
num_space_committed: 926.
num_space_uncommitted: 0.
num_chunks_returned_to_freelist: 20.
num_chunks_taken_from_freelist: 3525.
num_chunk_merges: 8.
num_chunk_splits: 2169.
num_chunks_enlarged: 1272.
num_inconsistent_stats: 0.

CodeHeap 'non-profiled nmethods': size=120000Kb used=5125Kb max_used=5125Kb free=114874Kb
 bounds [0x000002be48e00000, 0x000002be49310000, 0x000002be50330000]
CodeHeap 'profiled nmethods': size=120000Kb used=20695Kb max_used=20695Kb free=99305Kb
 bounds [0x000002be41330000, 0x000002be42770000, 0x000002be48860000]
CodeHeap 'non-nmethods': size=5760Kb used=1423Kb max_used=1496Kb free=4336Kb
 bounds [0x000002be48860000, 0x000002be48ad0000, 0x000002be48e00000]
CodeCache: size=245760Kb, used=27243Kb, max_used=27316Kb, free=218515Kb
 total_blobs=10733, nmethods=10006, adapters=633, full_count=0
Compilation: enabled, stopped_count=0, restarted_count=0

Compilation events (20 events):
Event: 4119.765 Thread 0x000002be54bae990 10544   !   3       java.util.concurrent.locks.LockSupport::park (47 bytes)
Event: 4119.778 Thread 0x000002be54bae990 nmethod 10544 0x000002be4275ed10 code [0x000002be4275ef00, 0x000002be4275f2f8]
Event: 4119.778 Thread 0x000002be54bae990 10545       3       org.eclipse.jdt.ls.core.internal.filesystem.JLSFsUtils::generatesMetadataFilesAtProjectRoot (17 bytes)
Event: 4119.783 Thread 0x000002be54bae990 nmethod 10545 0x000002be4275f490 code [0x000002be4275f6a0, 0x000002be4275faf8]
Event: 4119.783 Thread 0x000002be54bae990 10546       3       org.eclipse.jdt.ls.core.internal.filesystem.JLSFsUtils::shouldStoreInMetadataArea (73 bytes)
Event: 4119.807 Thread 0x000002be54bae990 nmethod 10546 0x000002be4275fc90 code [0x000002be42760040, 0x000002be42761418]
Event: 4122.540 Thread 0x000002be54bae990 10547       3       org.eclipse.core.internal.filesystem.local.LocalFile::getName (8 bytes)
Event: 4122.541 Thread 0x000002be54bae990 nmethod 10547 0x000002be42761a90 code [0x000002be42761c40, 0x000002be42761d98]
Event: 4122.542 Thread 0x000002be54bae990 10548       3       org.eclipse.core.internal.resources.AliasManager$LocationMap$$Lambda/0x000002be5622dbd8::compare (14 bytes)
Event: 4122.543 Thread 0x000002be54bae990 nmethod 10548 0x000002be42761e90 code [0x000002be42762060, 0x000002be42762488]
Event: 4122.543 Thread 0x000002be54bae990 10549       3       org.eclipse.core.internal.filesystem.local.LocalFile::compareTo (36 bytes)
Event: 4122.548 Thread 0x000002be54bae990 nmethod 10549 0x000002be42762610 code [0x000002be427628c0, 0x000002be427636b8]
Event: 4122.548 Thread 0x000002be54bae990 10552   !   3       java.net.URI::create (23 bytes)
Event: 4122.557 Thread 0x000002be54bae990 nmethod 10552 0x000002be42763b10 code [0x000002be42763d00, 0x000002be42764220]
Event: 4122.557 Thread 0x000002be54baa230 10553   !   4       java.io.WinNTFileSystem::resolve (362 bytes)
Event: 4122.643 Thread 0x000002be54baa230 nmethod 10553 0x000002be492ffa10 code [0x000002be492ffca0, 0x000002be49300ce0]
Event: 4178.217 Thread 0x000002be54baa230 10554       4       java.util.concurrent.TimeUnit::toNanos (45 bytes)
Event: 4178.219 Thread 0x000002be54baa230 nmethod 10554 0x000002be49301390 code [0x000002be49301520, 0x000002be49301618]
Event: 4234.991 Thread 0x000002be54bae990 10555       3       java.util.concurrent.locks.AbstractQueuedSynchronizer$ConditionObject::await (207 bytes)
Event: 4235.011 Thread 0x000002be54bae990 nmethod 10555 0x000002be42764490 code [0x000002be42764780, 0x000002be42765600]

GC Heap History (20 events):
Event: 34.250 GC heap before
{Heap before GC invocations=68 (full 2):
 PSYoungGen      total 13312K, used 13252K [0x00000000d5580000, 0x00000000d6480000, 0x0000000100000000)
  eden space 12800K, 100% used [0x00000000d5580000,0x00000000d6200000,0x00000000d6200000)
  from space 512K, 88% used [0x00000000d6380000,0x00000000d63f10c0,0x00000000d6400000)
  to   space 512K, 0% used [0x00000000d6400000,0x00000000d6400000,0x00000000d6480000)
 ParOldGen       total 69120K, used 68839K [0x0000000080000000, 0x0000000084380000, 0x00000000d5580000)
  object space 69120K, 99% used [0x0000000080000000,0x0000000084339db8,0x0000000084380000)
 Metaspace       used 57618K, committed 58944K, reserved 1114112K
  class space    used 6218K, committed 6848K, reserved 1048576K
}
Event: 34.251 GC heap after
{Heap after GC invocations=68 (full 2):
 PSYoungGen      total 13312K, used 357K [0x00000000d5580000, 0x00000000d6480000, 0x0000000100000000)
  eden space 12800K, 0% used [0x00000000d5580000,0x00000000d5580000,0x00000000d6200000)
  from space 512K, 69% used [0x00000000d6400000,0x00000000d6459758,0x00000000d6480000)
  to   space 512K, 0% used [0x00000000d6380000,0x00000000d6380000,0x00000000d6400000)
 ParOldGen       total 69120K, used 68895K [0x0000000080000000, 0x0000000084380000, 0x00000000d5580000)
  object space 69120K, 99% used [0x0000000080000000,0x0000000084347db8,0x0000000084380000)
 Metaspace       used 57618K, committed 58944K, reserved 1114112K
  class space    used 6218K, committed 6848K, reserved 1048576K
}
Event: 34.273 GC heap before
{Heap before GC invocations=69 (full 2):
 PSYoungGen      total 13312K, used 13157K [0x00000000d5580000, 0x00000000d6480000, 0x0000000100000000)
  eden space 12800K, 100% used [0x00000000d5580000,0x00000000d6200000,0x00000000d6200000)
  from space 512K, 69% used [0x00000000d6400000,0x00000000d6459758,0x00000000d6480000)
  to   space 512K, 0% used [0x00000000d6380000,0x00000000d6380000,0x00000000d6400000)
 ParOldGen       total 69120K, used 68895K [0x0000000080000000, 0x0000000084380000, 0x00000000d5580000)
  object space 69120K, 99% used [0x0000000080000000,0x0000000084347db8,0x0000000084380000)
 Metaspace       used 57637K, committed 59008K, reserved 1114112K
  class space    used 6221K, committed 6848K, reserved 1048576K
}
Event: 34.274 GC heap after
{Heap after GC invocations=69 (full 2):
 PSYoungGen      total 13312K, used 394K [0x00000000d5580000, 0x00000000d6480000, 0x0000000100000000)
  eden space 12800K, 0% used [0x00000000d5580000,0x00000000d5580000,0x00000000d6200000)
  from space 512K, 77% used [0x00000000d6380000,0x00000000d63e2930,0x00000000d6400000)
  to   space 512K, 0% used [0x00000000d6400000,0x00000000d6400000,0x00000000d6480000)
 ParOldGen       total 69120K, used 68967K [0x0000000080000000, 0x0000000084380000, 0x00000000d5580000)
  object space 69120K, 99% used [0x0000000080000000,0x0000000084359db8,0x0000000084380000)
 Metaspace       used 57637K, committed 59008K, reserved 1114112K
  class space    used 6221K, committed 6848K, reserved 1048576K
}
Event: 34.301 GC heap before
{Heap before GC invocations=70 (full 2):
 PSYoungGen      total 13312K, used 13194K [0x00000000d5580000, 0x00000000d6480000, 0x0000000100000000)
  eden space 12800K, 100% used [0x00000000d5580000,0x00000000d6200000,0x00000000d6200000)
  from space 512K, 77% used [0x00000000d6380000,0x00000000d63e2930,0x00000000d6400000)
  to   space 512K, 0% used [0x00000000d6400000,0x00000000d6400000,0x00000000d6480000)
 ParOldGen       total 69120K, used 68967K [0x0000000080000000, 0x0000000084380000, 0x00000000d5580000)
  object space 69120K, 99% used [0x0000000080000000,0x0000000084359db8,0x0000000084380000)
 Metaspace       used 57643K, committed 59008K, reserved 1114112K
  class space    used 6221K, committed 6848K, reserved 1048576K
}
Event: 34.302 GC heap after
{Heap after GC invocations=70 (full 2):
 PSYoungGen      total 13312K, used 256K [0x00000000d5580000, 0x00000000d6480000, 0x0000000100000000)
  eden space 12800K, 0% used [0x00000000d5580000,0x00000000d5580000,0x00000000d6200000)
  from space 512K, 50% used [0x00000000d6400000,0x00000000d6440000,0x00000000d6480000)
  to   space 512K, 0% used [0x00000000d6380000,0x00000000d6380000,0x00000000d6400000)
 ParOldGen       total 69120K, used 69031K [0x0000000080000000, 0x0000000084380000, 0x00000000d5580000)
  object space 69120K, 99% used [0x0000000080000000,0x0000000084369db8,0x0000000084380000)
 Metaspace       used 57643K, committed 59008K, reserved 1114112K
  class space    used 6221K, committed 6848K, reserved 1048576K
}
Event: 34.338 GC heap before
{Heap before GC invocations=71 (full 2):
 PSYoungGen      total 13312K, used 13056K [0x00000000d5580000, 0x00000000d6480000, 0x0000000100000000)
  eden space 12800K, 100% used [0x00000000d5580000,0x00000000d6200000,0x00000000d6200000)
  from space 512K, 50% used [0x00000000d6400000,0x00000000d6440000,0x00000000d6480000)
  to   space 512K, 0% used [0x00000000d6380000,0x00000000d6380000,0x00000000d6400000)
 ParOldGen       total 69120K, used 69031K [0x0000000080000000, 0x0000000084380000, 0x00000000d5580000)
  object space 69120K, 99% used [0x0000000080000000,0x0000000084369db8,0x0000000084380000)
 Metaspace       used 57663K, committed 59008K, reserved 1114112K
  class space    used 6224K, committed 6848K, reserved 1048576K
}
Event: 34.339 GC heap after
{Heap after GC invocations=71 (full 2):
 PSYoungGen      total 13312K, used 386K [0x00000000d5580000, 0x00000000d6480000, 0x0000000100000000)
  eden space 12800K, 0% used [0x00000000d5580000,0x00000000d5580000,0x00000000d6200000)
  from space 512K, 75% used [0x00000000d6380000,0x00000000d63e0ac0,0x00000000d6400000)
  to   space 512K, 0% used [0x00000000d6400000,0x00000000d6400000,0x00000000d6480000)
 ParOldGen       total 69120K, used 69095K [0x0000000080000000, 0x0000000084380000, 0x00000000d5580000)
  object space 69120K, 99% used [0x0000000080000000,0x0000000084379db8,0x0000000084380000)
 Metaspace       used 57663K, committed 59008K, reserved 1114112K
  class space    used 6224K, committed 6848K, reserved 1048576K
}
Event: 34.365 GC heap before
{Heap before GC invocations=72 (full 2):
 PSYoungGen      total 13312K, used 13186K [0x00000000d5580000, 0x00000000d6480000, 0x0000000100000000)
  eden space 12800K, 100% used [0x00000000d5580000,0x00000000d6200000,0x00000000d6200000)
  from space 512K, 75% used [0x00000000d6380000,0x00000000d63e0ac0,0x00000000d6400000)
  to   space 512K, 0% used [0x00000000d6400000,0x00000000d6400000,0x00000000d6480000)
 ParOldGen       total 69120K, used 69095K [0x0000000080000000, 0x0000000084380000, 0x00000000d5580000)
  object space 69120K, 99% used [0x0000000080000000,0x0000000084379db8,0x0000000084380000)
 Metaspace       used 57663K, committed 59008K, reserved 1114112K
  class space    used 6224K, committed 6848K, reserved 1048576K
}
Event: 34.366 GC heap after
{Heap after GC invocations=72 (full 2):
 PSYoungGen      total 13312K, used 318K [0x00000000d5580000, 0x00000000d6480000, 0x0000000100000000)
  eden space 12800K, 0% used [0x00000000d5580000,0x00000000d5580000,0x00000000d6200000)
  from space 512K, 62% used [0x00000000d6400000,0x00000000d644f900,0x00000000d6480000)
  to   space 512K, 0% used [0x00000000d6380000,0x00000000d6380000,0x00000000d6400000)
 ParOldGen       total 69632K, used 69199K [0x0000000080000000, 0x0000000084400000, 0x00000000d5580000)
  object space 69632K, 99% used [0x0000000080000000,0x0000000084393db8,0x0000000084400000)
 Metaspace       used 57663K, committed 59008K, reserved 1114112K
  class space    used 6224K, committed 6848K, reserved 1048576K
}
Event: 34.414 GC heap before
{Heap before GC invocations=73 (full 2):
 PSYoungGen      total 13312K, used 12847K [0x00000000d5580000, 0x00000000d6480000, 0x0000000100000000)
  eden space 12800K, 97% used [0x00000000d5580000,0x00000000d61bc648,0x00000000d6200000)
  from space 512K, 62% used [0x00000000d6400000,0x00000000d644f900,0x00000000d6480000)
  to   space 512K, 0% used [0x00000000d6380000,0x00000000d6380000,0x00000000d6400000)
 ParOldGen       total 69632K, used 69199K [0x0000000080000000, 0x0000000084400000, 0x00000000d5580000)
  object space 69632K, 99% used [0x0000000080000000,0x0000000084393db8,0x0000000084400000)
 Metaspace       used 57772K, committed 59136K, reserved 1114112K
  class space    used 6236K, committed 6848K, reserved 1048576K
}
Event: 34.415 GC heap after
{Heap after GC invocations=73 (full 2):
 PSYoungGen      total 13312K, used 276K [0x00000000d5580000, 0x00000000d6480000, 0x0000000100000000)
  eden space 12800K, 0% used [0x00000000d5580000,0x00000000d5580000,0x00000000d6200000)
  from space 512K, 54% used [0x00000000d6380000,0x00000000d63c5200,0x00000000d6400000)
  to   space 512K, 0% used [0x00000000d6400000,0x00000000d6400000,0x00000000d6480000)
 ParOldGen       total 69632K, used 69263K [0x0000000080000000, 0x0000000084400000, 0x00000000d5580000)
  object space 69632K, 99% used [0x0000000080000000,0x00000000843a3db8,0x0000000084400000)
 Metaspace       used 57772K, committed 59136K, reserved 1114112K
  class space    used 6236K, committed 6848K, reserved 1048576K
}
Event: 34.433 GC heap before
{Heap before GC invocations=74 (full 2):
 PSYoungGen      total 13312K, used 13076K [0x00000000d5580000, 0x00000000d6480000, 0x0000000100000000)
  eden space 12800K, 100% used [0x00000000d5580000,0x00000000d6200000,0x00000000d6200000)
  from space 512K, 54% used [0x00000000d6380000,0x00000000d63c5200,0x00000000d6400000)
  to   space 512K, 0% used [0x00000000d6400000,0x00000000d6400000,0x00000000d6480000)
 ParOldGen       total 69632K, used 69263K [0x0000000080000000, 0x0000000084400000, 0x00000000d5580000)
  object space 69632K, 99% used [0x0000000080000000,0x00000000843a3db8,0x0000000084400000)
 Metaspace       used 57772K, committed 59136K, reserved 1114112K
  class space    used 6236K, committed 6848K, reserved 1048576K
}
Event: 34.435 GC heap after
{Heap after GC invocations=74 (full 2):
 PSYoungGen      total 12288K, used 487K [0x00000000d5580000, 0x00000000d6800000, 0x0000000100000000)
  eden space 11776K, 0% used [0x00000000d5580000,0x00000000d5580000,0x00000000d6100000)
  from space 512K, 95% used [0x00000000d6400000,0x00000000d6479c68,0x00000000d6480000)
  to   space 3072K, 0% used [0x00000000d6100000,0x00000000d6100000,0x00000000d6400000)
 ParOldGen       total 71680K, used 71324K [0x0000000080000000, 0x0000000084600000, 0x00000000d5580000)
  object space 71680K, 99% used [0x0000000080000000,0x00000000845a71c8,0x0000000084600000)
 Metaspace       used 57772K, committed 59136K, reserved 1114112K
  class space    used 6236K, committed 6848K, reserved 1048576K
}
Event: 34.451 GC heap before
{Heap before GC invocations=75 (full 2):
 PSYoungGen      total 12288K, used 12263K [0x00000000d5580000, 0x00000000d6800000, 0x0000000100000000)
  eden space 11776K, 100% used [0x00000000d5580000,0x00000000d6100000,0x00000000d6100000)
  from space 512K, 95% used [0x00000000d6400000,0x00000000d6479c68,0x00000000d6480000)
  to   space 3072K, 0% used [0x00000000d6100000,0x00000000d6100000,0x00000000d6400000)
 ParOldGen       total 71680K, used 71324K [0x0000000080000000, 0x0000000084600000, 0x00000000d5580000)
  object space 71680K, 99% used [0x0000000080000000,0x00000000845a71c8,0x0000000084600000)
 Metaspace       used 57772K, committed 59136K, reserved 1114112K
  class space    used 6236K, committed 6848K, reserved 1048576K
}
Event: 34.452 GC heap after
{Heap after GC invocations=75 (full 2):
 PSYoungGen      total 12800K, used 608K [0x00000000d5580000, 0x00000000d6480000, 0x0000000100000000)
  eden space 11776K, 0% used [0x00000000d5580000,0x00000000d5580000,0x00000000d6100000)
  from space 1024K, 59% used [0x00000000d6100000,0x00000000d6198000,0x00000000d6200000)
  to   space 1536K, 0% used [0x00000000d6300000,0x00000000d6300000,0x00000000d6480000)
 ParOldGen       total 72192K, used 71839K [0x0000000080000000, 0x0000000084680000, 0x00000000d5580000)
  object space 72192K, 99% used [0x0000000080000000,0x0000000084627db8,0x0000000084680000)
 Metaspace       used 57772K, committed 59136K, reserved 1114112K
  class space    used 6236K, committed 6848K, reserved 1048576K
}
Event: 34.480 GC heap before
{Heap before GC invocations=76 (full 2):
 PSYoungGen      total 12800K, used 12384K [0x00000000d5580000, 0x00000000d6480000, 0x0000000100000000)
  eden space 11776K, 100% used [0x00000000d5580000,0x00000000d6100000,0x00000000d6100000)
  from space 1024K, 59% used [0x00000000d6100000,0x00000000d6198000,0x00000000d6200000)
  to   space 1536K, 0% used [0x00000000d6300000,0x00000000d6300000,0x00000000d6480000)
 ParOldGen       total 72192K, used 71839K [0x0000000080000000, 0x0000000084680000, 0x00000000d5580000)
  object space 72192K, 99% used [0x0000000080000000,0x0000000084627db8,0x0000000084680000)
 Metaspace       used 57773K, committed 59136K, reserved 1114112K
  class space    used 6236K, committed 6848K, reserved 1048576K
}
Event: 34.481 GC heap after
{Heap after GC invocations=76 (full 2):
 PSYoungGen      total 12288K, used 484K [0x00000000d5580000, 0x00000000d6380000, 0x0000000100000000)
  eden space 11776K, 0% used [0x00000000d5580000,0x00000000d5580000,0x00000000d6100000)
  from space 512K, 94% used [0x00000000d6300000,0x00000000d63791f8,0x00000000d6380000)
  to   space 1024K, 0% used [0x00000000d6180000,0x00000000d6180000,0x00000000d6280000)
 ParOldGen       total 72704K, used 72268K [0x0000000080000000, 0x0000000084700000, 0x00000000d5580000)
  object space 72704K, 99% used [0x0000000080000000,0x0000000084693110,0x0000000084700000)
 Metaspace       used 57773K, committed 59136K, reserved 1114112K
  class space    used 6236K, committed 6848K, reserved 1048576K
}
Event: 34.508 GC heap before
{Heap before GC invocations=77 (full 2):
 PSYoungGen      total 12288K, used 12260K [0x00000000d5580000, 0x00000000d6380000, 0x0000000100000000)
  eden space 11776K, 100% used [0x00000000d5580000,0x00000000d6100000,0x00000000d6100000)
  from space 512K, 94% used [0x00000000d6300000,0x00000000d63791f8,0x00000000d6380000)
  to   space 1024K, 0% used [0x00000000d6180000,0x00000000d6180000,0x00000000d6280000)
 ParOldGen       total 72704K, used 72268K [0x0000000080000000, 0x0000000084700000, 0x00000000d5580000)
  object space 72704K, 99% used [0x0000000080000000,0x0000000084693110,0x0000000084700000)
 Metaspace       used 57776K, committed 59136K, reserved 1114112K
  class space    used 6236K, committed 6848K, reserved 1048576K
}
Event: 34.509 GC heap after
{Heap after GC invocations=77 (full 2):
 PSYoungGen      total 12800K, used 288K [0x00000000d5580000, 0x00000000d6380000, 0x0000000100000000)
  eden space 11776K, 0% used [0x00000000d5580000,0x00000000d5580000,0x00000000d6100000)
  from space 1024K, 28% used [0x00000000d6180000,0x00000000d61c8000,0x00000000d6280000)
  to   space 512K, 0% used [0x00000000d6300000,0x00000000d6300000,0x00000000d6380000)
 ParOldGen       total 72704K, used 72476K [0x0000000080000000, 0x0000000084700000, 0x00000000d5580000)
  object space 72704K, 99% used [0x0000000080000000,0x00000000846c7110,0x0000000084700000)
 Metaspace       used 57776K, committed 59136K, reserved 1114112K
  class space    used 6236K, committed 6848K, reserved 1048576K
}

Dll operation events (12 events):
Event: 0.009 Loaded shared library c:\Users\Kristina\.vscode\extensions\redhat.java-1.46.0-win32-x64\jre\21.0.8-win32-x86_64\bin\java.dll
Event: 0.087 Loaded shared library c:\Users\Kristina\.vscode\extensions\redhat.java-1.46.0-win32-x64\jre\21.0.8-win32-x86_64\bin\zip.dll
Event: 0.113 Loaded shared library C:\Users\Kristina\.vscode\extensions\redhat.java-1.46.0-win32-x64\jre\21.0.8-win32-x86_64\bin\instrument.dll
Event: 0.122 Loaded shared library C:\Users\Kristina\.vscode\extensions\redhat.java-1.46.0-win32-x64\jre\21.0.8-win32-x86_64\bin\net.dll
Event: 0.124 Loaded shared library C:\Users\Kristina\.vscode\extensions\redhat.java-1.46.0-win32-x64\jre\21.0.8-win32-x86_64\bin\nio.dll
Event: 0.127 Loaded shared library C:\Users\Kristina\.vscode\extensions\redhat.java-1.46.0-win32-x64\jre\21.0.8-win32-x86_64\bin\zip.dll
Event: 0.147 Loaded shared library C:\Users\Kristina\.vscode\extensions\redhat.java-1.46.0-win32-x64\jre\21.0.8-win32-x86_64\bin\jimage.dll
Event: 0.243 Loaded shared library c:\Users\Kristina\.vscode\extensions\redhat.java-1.46.0-win32-x64\jre\21.0.8-win32-x86_64\bin\verify.dll
Event: 12.450 Loaded shared library C:\Users\Kristina\AppData\Roaming\Code\User\globalStorage\redhat.java\1.46.0\config_win\org.eclipse.equinox.launcher\org.eclipse.equinox.launcher.win32.win32.x86_64_1.2.1400.v20250801-0854\eclipse_11916.dll
Event: 23.318 Loaded shared library C:\Users\Kristina\AppData\Local\Temp\jna--1221180583\jna16553460070643704486.dll
Event: 24.727 Loaded shared library C:\Users\Kristina\.vscode\extensions\redhat.java-1.46.0-win32-x64\jre\21.0.8-win32-x86_64\bin\sunmscapi.dll
Event: 25.170 Loaded shared library C:\Users\Kristina\.vscode\extensions\redhat.java-1.46.0-win32-x64\jre\21.0.8-win32-x86_64\bin\extnet.dll

Deoptimization events (20 events):
Event: 34.309 Thread 0x000002be9c7125a0 Uncommon trap: trap_request=0xffffff6e fr.pc=0x000002be492c6178 relative=0x00000000000001b8
Event: 34.309 Thread 0x000002be9c7125a0 Uncommon trap: reason=loop_limit_check action=maybe_recompile pc=0x000002be492c6178 method=org.eclipse.jdt.internal.core.util.HashSetOfArray.hashCode([Ljava/lang/Object;I)I @ 27 c2
Event: 34.309 Thread 0x000002be9c7125a0 DEOPT PACKING pc=0x000002be492c6178 sp=0x000000dae4bfed20
Event: 34.309 Thread 0x000002be9c7125a0 DEOPT UNPACKING pc=0x000002be488b3aa2 sp=0x000000dae4bfec98 mode 2
Event: 34.317 Thread 0x000002be9c7125a0 Uncommon trap: trap_request=0xffffff45 fr.pc=0x000002be48fd4878 relative=0x0000000000000d38
Event: 34.317 Thread 0x000002be9c7125a0 Uncommon trap: reason=unstable_if action=reinterpret pc=0x000002be48fd4878 method=java.util.Properties$LineReader.readLine()I @ 182 c2
Event: 34.317 Thread 0x000002be9c7125a0 DEOPT PACKING pc=0x000002be48fd4878 sp=0x000000dae4bfccc0
Event: 34.317 Thread 0x000002be9c7125a0 DEOPT UNPACKING pc=0x000002be488b3aa2 sp=0x000000dae4bfcc50 mode 2
Event: 34.395 Thread 0x000002be9c7125a0 Uncommon trap: trap_request=0xffffff45 fr.pc=0x000002be490c7a5c relative=0x00000000000008dc
Event: 34.395 Thread 0x000002be9c7125a0 Uncommon trap: reason=unstable_if action=reinterpret pc=0x000002be490c7a5c method=jdk.internal.jrtfs.JrtFileSystem.checkNode(Ljdk/internal/jrtfs/JrtPath;)Ljdk/internal/jimage/ImageReader$Node; @ 16 c2
Event: 34.395 Thread 0x000002be9c7125a0 DEOPT PACKING pc=0x000002be490c7a5c sp=0x000000dae4bfe300
Event: 34.395 Thread 0x000002be9c7125a0 DEOPT UNPACKING pc=0x000002be488b3aa2 sp=0x000000dae4bfe310 mode 2
Event: 34.395 Thread 0x000002be9c7125a0 Uncommon trap: trap_request=0xffffff45 fr.pc=0x000002be490b0eb0 relative=0x0000000000001230
Event: 34.396 Thread 0x000002be9c7125a0 Uncommon trap: reason=unstable_if action=reinterpret pc=0x000002be490b0eb0 method=org.eclipse.jdt.internal.core.util.Util.splitOn(CLjava/lang/String;II)[Ljava/lang/String; @ 16 c2
Event: 34.396 Thread 0x000002be9c7125a0 DEOPT PACKING pc=0x000002be490b0eb0 sp=0x000000dae4bfeb60
Event: 34.396 Thread 0x000002be9c7125a0 DEOPT UNPACKING pc=0x000002be488b3aa2 sp=0x000000dae4bfeb50 mode 2
Event: 3818.492 Thread 0x000002be9c718ea0 Uncommon trap: trap_request=0xffffff45 fr.pc=0x000002be492ea368 relative=0x00000000000003a8
Event: 3818.492 Thread 0x000002be9c718ea0 Uncommon trap: reason=unstable_if action=reinterpret pc=0x000002be492ea368 method=org.eclipse.core.runtime.Path.equals(Ljava/lang/Object;)Z @ 120 c2
Event: 3818.492 Thread 0x000002be9c718ea0 DEOPT PACKING pc=0x000002be492ea368 sp=0x000000dae56fee30
Event: 3818.492 Thread 0x000002be9c718ea0 DEOPT UNPACKING pc=0x000002be488b3aa2 sp=0x000000dae56fedc0 mode 2

Classes loaded (20 events):
Event: 32.103 Loading class sun/util/resources/TimeZoneNames
Event: 32.104 Loading class sun/util/resources/TimeZoneNames done
Event: 32.105 Loading class sun/util/resources/TimeZoneNames_en
Event: 32.105 Loading class sun/util/resources/TimeZoneNames_en done
Event: 32.585 Loading class sun/nio/cs/ISO_8859_1$Decoder
Event: 32.586 Loading class sun/nio/cs/ISO_8859_1$Decoder done
Event: 33.566 Loading class java/lang/invoke/MethodHandleImpl$CountingWrapper$1
Event: 33.566 Loading class java/lang/invoke/MethodHandleImpl$CountingWrapper$1 done
Event: 34.043 Loading class java/util/AbstractList$RandomAccessSubList
Event: 34.043 Loading class java/util/AbstractList$SubList
Event: 34.043 Loading class java/util/AbstractList$SubList done
Event: 34.043 Loading class java/util/AbstractList$RandomAccessSubList done
Event: 34.043 Loading class java/util/AbstractList$SubList$1
Event: 34.043 Loading class java/util/AbstractList$SubList$1 done
Event: 3818.278 Loading class java/util/stream/DistinctOps
Event: 3818.286 Loading class java/util/stream/DistinctOps done
Event: 3818.286 Loading class java/util/stream/DistinctOps$1
Event: 3818.313 Loading class java/util/stream/DistinctOps$1 done
Event: 3818.435 Loading class java/util/stream/DistinctOps$1$2
Event: 3818.439 Loading class java/util/stream/DistinctOps$1$2 done

Classes unloaded (7 events):
Event: 23.884 Thread 0x000002be54b81f40 Unloading class 0x000002be561a4800 'java/lang/invoke/LambdaForm$MH+0x000002be561a4800'
Event: 23.884 Thread 0x000002be54b81f40 Unloading class 0x000002be561a4400 'java/lang/invoke/LambdaForm$MH+0x000002be561a4400'
Event: 23.884 Thread 0x000002be54b81f40 Unloading class 0x000002be561a4000 'java/lang/invoke/LambdaForm$MH+0x000002be561a4000'
Event: 23.884 Thread 0x000002be54b81f40 Unloading class 0x000002be561a3c00 'java/lang/invoke/LambdaForm$MH+0x000002be561a3c00'
Event: 23.884 Thread 0x000002be54b81f40 Unloading class 0x000002be561a3800 'java/lang/invoke/LambdaForm$BMH+0x000002be561a3800'
Event: 23.884 Thread 0x000002be54b81f40 Unloading class 0x000002be561a3400 'java/lang/invoke/LambdaForm$DMH+0x000002be561a3400'
Event: 23.884 Thread 0x000002be54b81f40 Unloading class 0x000002be561a2000 'java/lang/invoke/LambdaForm$DMH+0x000002be561a2000'

Classes redefined (0 events):
No events

Internal exceptions (20 events):
Event: 33.744 Thread 0x000002be9e3b7f50 Exception <a 'sun/nio/fs/WindowsException'{0x00000000d5789258}> (0x00000000d5789258) 
thrown [s\src\hotspot\share\prims\jni.cpp, line 520]
Event: 33.747 Thread 0x000002be9e3b7f50 Exception <a 'sun/nio/fs/WindowsException'{0x00000000d5805618}> (0x00000000d5805618) 
thrown [s\src\hotspot\share\prims\jni.cpp, line 520]
Event: 33.747 Thread 0x000002be9e3b7f50 Exception <a 'sun/nio/fs/WindowsException'{0x00000000d5806148}> (0x00000000d5806148) 
thrown [s\src\hotspot\share\prims\jni.cpp, line 520]
Event: 33.748 Thread 0x000002be9e3b7f50 Exception <a 'sun/nio/fs/WindowsException'{0x00000000d5807660}> (0x00000000d5807660) 
thrown [s\src\hotspot\share\prims\jni.cpp, line 520]
Event: 33.748 Thread 0x000002be9e3b7f50 Exception <a 'sun/nio/fs/WindowsException'{0x00000000d5808070}> (0x00000000d5808070) 
thrown [s\src\hotspot\share\prims\jni.cpp, line 520]
Event: 33.748 Thread 0x000002be9e3b7f50 Exception <a 'sun/nio/fs/WindowsException'{0x00000000d5809148}> (0x00000000d5809148) 
thrown [s\src\hotspot\share\prims\jni.cpp, line 520]
Event: 33.748 Thread 0x000002be9e3b7f50 Exception <a 'sun/nio/fs/WindowsException'{0x00000000d5809c78}> (0x00000000d5809c78) 
thrown [s\src\hotspot\share\prims\jni.cpp, line 520]
Event: 33.748 Thread 0x000002be9e3b7f50 Exception <a 'sun/nio/fs/WindowsException'{0x00000000d580af28}> (0x00000000d580af28) 
thrown [s\src\hotspot\share\prims\jni.cpp, line 520]
Event: 33.748 Thread 0x000002be9e3b7f50 Exception <a 'sun/nio/fs/WindowsException'{0x00000000d580ba58}> (0x00000000d580ba58) 
thrown [s\src\hotspot\share\prims\jni.cpp, line 520]
Event: 33.748 Thread 0x000002be9e3b7f50 Exception <a 'sun/nio/fs/WindowsException'{0x00000000d580cf70}> (0x00000000d580cf70) 
thrown [s\src\hotspot\share\prims\jni.cpp, line 520]
Event: 33.748 Thread 0x000002be9e3b7f50 Exception <a 'sun/nio/fs/WindowsException'{0x00000000d580d980}> (0x00000000d580d980) 
thrown [s\src\hotspot\share\prims\jni.cpp, line 520]
Event: 33.832 Thread 0x000002be9c7125a0 Implicit null exception at 0x000002be490b9ba4 to 0x000002be490b9ed0
Event: 34.054 Thread 0x000002be9e3b9300 Exception <a 'sun/nio/fs/WindowsException'{0x00000000d57ee948}> (0x00000000d57ee948) 
thrown [s\src\hotspot\share\prims\jni.cpp, line 520]
Event: 34.054 Thread 0x000002be9e3b9300 Exception <a 'sun/nio/fs/WindowsException'{0x00000000d57ef478}> (0x00000000d57ef478) 
thrown [s\src\hotspot\share\prims\jni.cpp, line 520]
Event: 34.055 Thread 0x000002be9e3b9300 Exception <a 'sun/nio/fs/WindowsException'{0x00000000d589fc88}> (0x00000000d589fc88) 
thrown [s\src\hotspot\share\prims\jni.cpp, line 520]
Event: 34.055 Thread 0x000002be9e3b9300 Exception <a 'sun/nio/fs/WindowsException'{0x00000000d58a0698}> (0x00000000d58a0698) 
thrown [s\src\hotspot\share\prims\jni.cpp, line 520]
Event: 34.070 Thread 0x000002be9e3b9300 Exception <a 'sun/nio/fs/WindowsException'{0x00000000d5e03828}> (0x00000000d5e03828) 
thrown [s\src\hotspot\share\prims\jni.cpp, line 520]
Event: 34.070 Thread 0x000002be9e3b9300 Exception <a 'sun/nio/fs/WindowsException'{0x00000000d5e3eb18}> (0x00000000d5e3eb18) 
thrown [s\src\hotspot\share\prims\jni.cpp, line 520]
Event: 34.227 Thread 0x000002be9c7125a0 Implicit null exception at 0x000002be492aa5eb to 0x000002be492ab314
Event: 34.280 Thread 0x000002be9c7125a0 Implicit null exception at 0x000002be492a8c49 to 0x000002be492a98ec

ZGC Phase Switch (0 events):
No events

VM Operations (20 events):
Event: 3968.482 Executing VM operation: RendezvousGCThreads
Event: 3968.482 Executing VM operation: RendezvousGCThreads done
Event: 4028.565 Executing VM operation: HandshakeAllThreads (HandshakeForDeflation)
Event: 4028.566 Executing VM operation: HandshakeAllThreads (HandshakeForDeflation) done
Event: 4028.566 Executing VM operation: RendezvousGCThreads
Event: 4028.566 Executing VM operation: RendezvousGCThreads done
Event: 4088.645 Executing VM operation: HandshakeAllThreads (HandshakeForDeflation)
Event: 4088.645 Executing VM operation: HandshakeAllThreads (HandshakeForDeflation) done
Event: 4088.645 Executing VM operation: RendezvousGCThreads
Event: 4088.645 Executing VM operation: RendezvousGCThreads done
Event: 4119.900 Executing VM operation: Cleanup
Event: 4119.901 Executing VM operation: Cleanup done
Event: 4148.717 Executing VM operation: HandshakeAllThreads (HandshakeForDeflation)
Event: 4148.717 Executing VM operation: HandshakeAllThreads (HandshakeForDeflation) done
Event: 4148.717 Executing VM operation: RendezvousGCThreads
Event: 4148.717 Executing VM operation: RendezvousGCThreads done
Event: 4269.142 Executing VM operation: HandshakeAllThreads (HandshakeForDeflation)
Event: 4269.144 Executing VM operation: HandshakeAllThreads (HandshakeForDeflation) done
Event: 4269.144 Executing VM operation: RendezvousGCThreads
Event: 4269.144 Executing VM operation: RendezvousGCThreads done

Memory protections (0 events):
No events

Nmethod flushes (20 events):
Event: 24.953 Thread 0x000002be54b81f40 flushing  nmethod 0x000002be418c1f90
Event: 24.953 Thread 0x000002be54b81f40 flushing  nmethod 0x000002be418d0c10
Event: 24.953 Thread 0x000002be54b81f40 flushing  nmethod 0x000002be418fa590
Event: 24.953 Thread 0x000002be54b81f40 flushing  nmethod 0x000002be41900b10
Event: 24.953 Thread 0x000002be54b81f40 flushing  nmethod 0x000002be41936a10
Event: 24.953 Thread 0x000002be54b81f40 flushing  nmethod 0x000002be41937310
Event: 24.953 Thread 0x000002be54b81f40 flushing  nmethod 0x000002be41937c10
Event: 24.953 Thread 0x000002be54b81f40 flushing  nmethod 0x000002be41938e10
Event: 24.953 Thread 0x000002be54b81f40 flushing  nmethod 0x000002be41948610
Event: 24.953 Thread 0x000002be54b81f40 flushing  nmethod 0x000002be41949c10
Event: 24.953 Thread 0x000002be54b81f40 flushing  nmethod 0x000002be4195fe10
Event: 24.953 Thread 0x000002be54b81f40 flushing  nmethod 0x000002be41967b90
Event: 24.953 Thread 0x000002be54b81f40 flushing  nmethod 0x000002be4197b390
Event: 24.953 Thread 0x000002be54b81f40 flushing  nmethod 0x000002be41984d10
Event: 24.953 Thread 0x000002be54b81f40 flushing  nmethod 0x000002be41988510
Event: 24.953 Thread 0x000002be54b81f40 flushing  nmethod 0x000002be41992990
Event: 24.953 Thread 0x000002be54b81f40 flushing  nmethod 0x000002be41a05b90
Event: 24.953 Thread 0x000002be54b81f40 flushing  nmethod 0x000002be41a43090
Event: 24.953 Thread 0x000002be54b81f40 flushing  nmethod 0x000002be41a43510
Event: 24.953 Thread 0x000002be54b81f40 flushing  nmethod 0x000002be41a47790

Events (20 events):
Event: 31.993 Thread 0x000002be54bae990 Thread added: 0x000002be9e36f750
Event: 33.031 Thread 0x000002be9e36f750 Thread exited: 0x000002be9e36f750
Event: 33.107 Thread 0x000002be54bae990 Thread added: 0x000002be9e370bc0
Event: 33.186 Thread 0x000002be9e3b6ba0 Thread exited: 0x000002be9e3b6ba0
Event: 33.186 Thread 0x000002be9e3b4ad0 Thread exited: 0x000002be9e3b4ad0
Event: 33.186 Thread 0x000002be9e3b57f0 Thread exited: 0x000002be9e3b57f0
Event: 33.186 Thread 0x000002be9e3b3db0 Thread exited: 0x000002be9e3b3db0
Event: 33.186 Thread 0x000002be9e3ba6b0 Thread exited: 0x000002be9e3ba6b0
Event: 35.886 Thread 0x000002be9e3b5160 Thread exited: 0x000002be9e3b5160
Event: 39.717 Thread 0x000002be9e370bc0 Thread exited: 0x000002be9e370bc0
Event: 93.868 Thread 0x000002be9e3b8c70 Thread exited: 0x000002be9e3b8c70
Event: 94.034 Thread 0x000002be9c712c30 Thread exited: 0x000002be9c712c30
Event: 94.055 Thread 0x000002be9c713950 Thread exited: 0x000002be9c713950
Event: 94.117 Thread 0x000002be9e3b7f50 Thread exited: 0x000002be9e3b7f50
Event: 154.120 Thread 0x000002be9e3b9300 Thread exited: 0x000002be9e3b9300
Event: 214.137 Thread 0x000002be9e3b3720 Thread exited: 0x000002be9e3b3720
Event: 274.146 Thread 0x000002be9e3b6510 Thread exited: 0x000002be9e3b6510
Event: 334.158 Thread 0x000002be9e3ba020 Thread exited: 0x000002be9e3ba020
Event: 394.171 Thread 0x000002be9e3b78c0 Thread exited: 0x000002be9e3b78c0
Event: 454.182 Thread 0x000002be9e3b4440 Thread exited: 0x000002be9e3b4440


Dynamic libraries:
0x00007ff725240000 - 0x00007ff72524e000 	c:\Users\Kristina\.vscode\extensions\redhat.java-1.46.0-win32-x64\jre\21.0.8-win32-x86_64\bin\java.exe
0x00007ffcf0950000 - 0x00007ffcf0b48000 	C:\WINDOWS\SYSTEM32\ntdll.dll
0x00007ffcef820000 - 0x00007ffcef8e2000 	C:\WINDOWS\System32\KERNEL32.DLL
0x00007ffcee2b0000 - 0x00007ffcee5a6000 	C:\WINDOWS\System32\KERNELBASE.dll
0x00007ffcedfe0000 - 0x00007ffcee0e0000 	C:\WINDOWS\System32\ucrtbase.dll
0x00007ffce47e0000 - 0x00007ffce47fe000 	c:\Users\Kristina\.vscode\extensions\redhat.java-1.46.0-win32-x64\jre\21.0.8-win32-x86_64\bin\VCRUNTIME140.dll
0x00007ffce9bc0000 - 0x00007ffce9bd8000 	c:\Users\Kristina\.vscode\extensions\redhat.java-1.46.0-win32-x64\jre\21.0.8-win32-x86_64\bin\jli.dll
0x00007ffceecd0000 - 0x00007ffceee71000 	C:\WINDOWS\System32\USER32.dll
0x00007ffcdda20000 - 0x00007ffcddcbb000 	C:\WINDOWS\WinSxS\amd64_microsoft.windows.common-controls_6595b64144ccf1df_6.0.19041.6456_none_60b8a6cb71f64256\COMCTL32.dll
0x00007ffcef660000 - 0x00007ffcef6fe000 	C:\WINDOWS\System32\msvcrt.dll
0x00007ffcee840000 - 0x00007ffcee862000 	C:\WINDOWS\System32\win32u.dll
0x00007ffceebd0000 - 0x00007ffceebfb000 	C:\WINDOWS\System32\GDI32.dll
0x00007ffcee190000 - 0x00007ffcee2a9000 	C:\WINDOWS\System32\gdi32full.dll
0x00007ffcee5b0000 - 0x00007ffcee64d000 	C:\WINDOWS\System32\msvcp_win.dll
0x00007ffcef700000 - 0x00007ffcef72f000 	C:\WINDOWS\System32\IMM32.DLL
0x00007ffceb620000 - 0x00007ffceb62c000 	c:\Users\Kristina\.vscode\extensions\redhat.java-1.46.0-win32-x64\jre\21.0.8-win32-x86_64\bin\vcruntime140_1.dll
0x00007ffcda430000 - 0x00007ffcda4bd000 	c:\Users\Kristina\.vscode\extensions\redhat.java-1.46.0-win32-x64\jre\21.0.8-win32-x86_64\bin\msvcp140.dll
0x00007ffc9a9b0000 - 0x00007ffc9b747000 	c:\Users\Kristina\.vscode\extensions\redhat.java-1.46.0-win32-x64\jre\21.0.8-win32-x86_64\bin\server\jvm.dll
0x00007ffcf00e0000 - 0x00007ffcf0191000 	C:\WINDOWS\System32\ADVAPI32.dll
0x00007ffcefea0000 - 0x00007ffceff3f000 	C:\WINDOWS\System32\sechost.dll
0x00007ffceff40000 - 0x00007ffcf0060000 	C:\WINDOWS\System32\RPCRT4.dll
0x00007ffcee0e0000 - 0x00007ffcee107000 	C:\WINDOWS\System32\bcrypt.dll
0x00007ffcef4c0000 - 0x00007ffcef52b000 	C:\WINDOWS\System32\WS2_32.dll
0x00007ffcede40000 - 0x00007ffcede8b000 	C:\WINDOWS\SYSTEM32\POWRPROF.dll
0x00007ffce0ad0000 - 0x00007ffce0af7000 	C:\WINDOWS\SYSTEM32\WINMM.dll
0x00007ffce8050000 - 0x00007ffce805a000 	C:\WINDOWS\SYSTEM32\VERSION.dll
0x00007ffcede20000 - 0x00007ffcede32000 	C:\WINDOWS\SYSTEM32\UMPDC.dll
0x00007ffcebe10000 - 0x00007ffcebe22000 	C:\WINDOWS\SYSTEM32\kernel.appcore.dll
0x00007ffcea270000 - 0x00007ffcea27a000 	c:\Users\Kristina\.vscode\extensions\redhat.java-1.46.0-win32-x64\jre\21.0.8-win32-x86_64\bin\jimage.dll
0x00007ffce60f0000 - 0x00007ffce62f1000 	C:\WINDOWS\SYSTEM32\DBGHELP.DLL
0x00007ffce5f30000 - 0x00007ffce5f64000 	C:\WINDOWS\SYSTEM32\dbgcore.DLL
0x00007ffcee7b0000 - 0x00007ffcee832000 	C:\WINDOWS\System32\bcryptPrimitives.dll
0x00007ffce9f90000 - 0x00007ffce9f9f000 	c:\Users\Kristina\.vscode\extensions\redhat.java-1.46.0-win32-x64\jre\21.0.8-win32-x86_64\bin\instrument.dll
0x00007ffce47c0000 - 0x00007ffce47df000 	c:\Users\Kristina\.vscode\extensions\redhat.java-1.46.0-win32-x64\jre\21.0.8-win32-x86_64\bin\java.dll
0x00007ffcf01a0000 - 0x00007ffcf0910000 	C:\WINDOWS\System32\SHELL32.dll
0x00007ffcec010000 - 0x00007ffcec7b5000 	C:\WINDOWS\SYSTEM32\windows.storage.dll
0x00007ffcef160000 - 0x00007ffcef4b4000 	C:\WINDOWS\System32\combase.dll
0x00007ffced850000 - 0x00007ffced87b000 	C:\WINDOWS\SYSTEM32\Wldp.dll
0x00007ffceea40000 - 0x00007ffceeb0d000 	C:\WINDOWS\System32\OLEAUT32.dll
0x00007ffcee970000 - 0x00007ffceea1d000 	C:\WINDOWS\System32\SHCORE.dll
0x00007ffceeb70000 - 0x00007ffceebcb000 	C:\WINDOWS\System32\shlwapi.dll
0x00007ffcedf10000 - 0x00007ffcedf34000 	C:\WINDOWS\SYSTEM32\profapi.dll
0x00007ffce32a0000 - 0x00007ffce32b8000 	c:\Users\Kristina\.vscode\extensions\redhat.java-1.46.0-win32-x64\jre\21.0.8-win32-x86_64\bin\zip.dll
0x00007ffce9db0000 - 0x00007ffce9dc0000 	C:\Users\Kristina\.vscode\extensions\redhat.java-1.46.0-win32-x64\jre\21.0.8-win32-x86_64\bin\net.dll
0x00007ffce6890000 - 0x00007ffce699a000 	C:\WINDOWS\SYSTEM32\WINHTTP.dll
0x00007ffced630000 - 0x00007ffced69a000 	C:\WINDOWS\system32\mswsock.dll
0x00007ffce27b0000 - 0x00007ffce27c6000 	C:\Users\Kristina\.vscode\extensions\redhat.java-1.46.0-win32-x64\jre\21.0.8-win32-x86_64\bin\nio.dll
0x00007ffce9d80000 - 0x00007ffce9d90000 	c:\Users\Kristina\.vscode\extensions\redhat.java-1.46.0-win32-x64\jre\21.0.8-win32-x86_64\bin\verify.dll
0x00007ffcda660000 - 0x00007ffcda6a4000 	C:\Users\Kristina\AppData\Roaming\Code\User\globalStorage\redhat.java\1.46.0\config_win\org.eclipse.equinox.launcher\org.eclipse.equinox.launcher.win32.win32.x86_64_1.2.1400.v20250801-0854\eclipse_11916.dll
0x00007ffcef530000 - 0x00007ffcef65b000 	C:\WINDOWS\System32\ole32.dll
0x00007ffced890000 - 0x00007ffced8a8000 	C:\WINDOWS\SYSTEM32\CRYPTSP.dll
0x00007ffcecf70000 - 0x00007ffcecfa8000 	C:\WINDOWS\system32\rsaenh.dll
0x00007ffceded0000 - 0x00007ffcedefe000 	C:\WINDOWS\SYSTEM32\USERENV.dll
0x00007ffced7c0000 - 0x00007ffced7cc000 	C:\WINDOWS\SYSTEM32\CRYPTBASE.dll
0x00007ffced330000 - 0x00007ffced36b000 	C:\WINDOWS\SYSTEM32\IPHLPAPI.DLL
0x00007ffcef810000 - 0x00007ffcef818000 	C:\WINDOWS\System32\NSI.dll
0x00007ffcd4910000 - 0x00007ffcd4959000 	C:\Users\Kristina\AppData\Local\Temp\jna--1221180583\jna16553460070643704486.dll
0x00007ffcef150000 - 0x00007ffcef158000 	C:\WINDOWS\System32\PSAPI.DLL
0x00007ffce8060000 - 0x00007ffce8077000 	C:\WINDOWS\SYSTEM32\dhcpcsvc6.DLL
0x00007ffce86b0000 - 0x00007ffce86cd000 	C:\WINDOWS\SYSTEM32\dhcpcsvc.DLL
0x00007ffcea6b0000 - 0x00007ffcea6be000 	C:\Users\Kristina\.vscode\extensions\redhat.java-1.46.0-win32-x64\jre\21.0.8-win32-x86_64\bin\sunmscapi.dll
0x00007ffcee650000 - 0x00007ffcee7ad000 	C:\WINDOWS\System32\CRYPT32.dll
0x00007ffced9a0000 - 0x00007ffced9c7000 	C:\WINDOWS\SYSTEM32\ncrypt.dll
0x00007ffced960000 - 0x00007ffced99b000 	C:\WINDOWS\SYSTEM32\NTASN1.dll
0x00007ffced370000 - 0x00007ffced43a000 	C:\WINDOWS\SYSTEM32\DNSAPI.dll
0x00007ffce4750000 - 0x00007ffce475a000 	C:\Windows\System32\rasadhlp.dll
0x00007ffce4880000 - 0x00007ffce4900000 	C:\WINDOWS\System32\fwpuclnt.dll
0x00007ffce9bb0000 - 0x00007ffce9bb9000 	C:\Users\Kristina\.vscode\extensions\redhat.java-1.46.0-win32-x64\jre\21.0.8-win32-x86_64\bin\extnet.dll

JVMTI agents:
c:\Users\Kristina\.vscode\extensions\redhat.java-1.46.0-win32-x64\lombok\lombok-1.18.39-4050.jar path:c:\Users\Kristina\.vscode\extensions\redhat.java-1.46.0-win32-x64\jre\21.0.8-win32-x86_64\bin\instrument.dll, loaded, initialized, instrumentlib options:none

dbghelp: loaded successfully - version: 4.0.5 - missing functions: none
symbol engine: initialized successfully - sym options: 0x614 - pdb path: .;c:\Users\Kristina\.vscode\extensions\redhat.java-1.46.0-win32-x64\jre\21.0.8-win32-x86_64\bin;C:\WINDOWS\SYSTEM32;C:\WINDOWS\WinSxS\amd64_microsoft.windows.common-controls_6595b64144ccf1df_6.0.19041.6456_none_60b8a6cb71f64256;c:\Users\Kristina\.vscode\extensions\redhat.java-1.46.0-win32-x64\jre\21.0.8-win32-x86_64\bin\server;C:\Users\Kristina\AppData\Roaming\Code\User\globalStorage\redhat.java\1.46.0\config_win\org.eclipse.equinox.launcher\org.eclipse.equinox.launcher.win32.win32.x86_64_1.2.1400.v20250801-0854;C:\Users\Kristina\AppData\Local\Temp\jna--1221180583

VM Arguments:
jvm_args: --add-modules=ALL-SYSTEM --add-opens=java.base/java.util=ALL-UNNAMED --add-opens=java.base/java.lang=ALL-UNNAMED --add-opens=java.base/sun.nio.fs=ALL-UNNAMED -Declipse.application=org.eclipse.jdt.ls.core.id1 -Dosgi.bundles.defaultStartLevel=4 -Declipse.product=org.eclipse.jdt.ls.core.product -Djava.import.generatesMetadataFilesAtProjectRoot=false -DDetectVMInstallationsJob.disabled=true -Dfile.encoding=utf8 -XX:+UseParallelGC -XX:GCTimeRatio=4 -XX:AdaptiveSizePolicyWeight=90 -Dsun.zip.disableMemoryMapping=true -Xmx2G -Xms100m -Xlog:disable -javaagent:c:\Users\Kristina\.vscode\extensions\redhat.java-1.46.0-win32-x64\lombok\lombok-1.18.39-4050.jar -XX:+HeapDumpOnOutOfMemoryError -XX:HeapDumpPath=c:\Users\Kristina\AppData\Roaming\Code\User\workspaceStorage\ecc49b1e08973d27825871927b1c4fd5\redhat.java -Daether.dependencyCollector.impl=bf 
java_command: c:\Users\Kristina\.vscode\extensions\redhat.java-1.46.0-win32-x64\server\plugins\org.eclipse.equinox.launcher_1.7.0.v20250519-0528.jar -configuration c:\Users\Kristina\AppData\Roaming\Code\User\globalStorage\redhat.java\1.46.0\config_win -data c:\Users\Kristina\AppData\Roaming\Code\User\workspaceStorage\ecc49b1e08973d27825871927b1c4fd5\redhat.java\jdt_ws --pipe=\\.\pipe\lsp-65c1491b367818f5026aade80767dbbd-sock
java_class_path (initial): c:\Users\Kristina\.vscode\extensions\redhat.java-1.46.0-win32-x64\server\plugins\org.eclipse.equinox.launcher_1.7.0.v20250519-0528.jar
Launcher Type: SUN_STANDARD

[Global flags]
    uintx AdaptiveSizePolicyWeight                 = 90                                        {product} {command line}
     intx CICompilerCount                          = 4                                         {product} {ergonomic}
    uintx GCTimeRatio                              = 4                                         {product} {command line}
     bool HeapDumpOnOutOfMemoryError               = true                                   {manageable} {command line}
    ccstr HeapDumpPath                             = c:\Users\Kristina\AppData\Roaming\Code\User\workspaceStorage\ecc49b1e08973d27825871927b1c4fd5\redhat.java         {manageable} {command line}
   size_t InitialHeapSize                          = 104857600                                 {product} {command line}
   size_t MaxHeapSize                              = 2147483648                                {product} {command line}
   size_t MaxNewSize                               = 715653120                                 {product} {ergonomic}
   size_t MinHeapDeltaBytes                        = 524288                                    {product} {ergonomic}
   size_t MinHeapSize                              = 104857600                                 {product} {command line}
   size_t NewSize                                  = 34603008                                  {product} {ergonomic}
    uintx NonNMethodCodeHeapSize                   = 5839372                                {pd product} {ergonomic}
    uintx NonProfiledCodeHeapSize                  = 122909434                              {pd product} {ergonomic}
   size_t OldSize                                  = 70254592                                  {product} {ergonomic}
    uintx ProfiledCodeHeapSize                     = 122909434                              {pd product} {ergonomic}
    uintx ReservedCodeCacheSize                    = 251658240                              {pd product} {ergonomic}
     bool SegmentedCodeCache                       = true                                      {product} {ergonomic}
   size_t SoftMaxHeapSize                          = 2147483648                             {manageable} {ergonomic}
     bool UseCompressedOops                        = true                           {product lp64_product} {ergonomic}
     bool UseLargePagesIndividualAllocation        = false                                  {pd product} {ergonomic}
     bool UseParallelGC                            = true                                      {product} {command line}

Logging:
Log output configuration:
 #0: stdout all=off uptime,level,tags foldmultilines=false
 #1: stderr all=off uptime,level,tags foldmultilines=false

Environment Variables:
JAVA_HOME=C:\Users\Kristina\Documents\openjdk-25_windows-x64_bin\jdk-25
PATH=C:\Python314\Scripts\;C:\Python314\;C:\WINDOWS\system32;C:\WINDOWS;C:\WINDOWS\System32\Wbem;C:\WINDOWS\System32\WindowsPowerShell\v1.0\;C:\WINDOWS\System32\OpenSSH\;C:\Program Files\Docker\Docker\resources\bin;C:\Program Files\Microsoft VS Code\bin;C:\Program Files\nodejs\;C:\ProgramData\chocolatey\bin;C:\Program Files\Git\cmd;C:\Users\Kristina\Documents\openjdk-25_windows-x64_bin\jdk-25\bin;C:\Users\Kristina\Downloads\apache-maven-3.9.11-bin\apache-maven-3.9.11\bin;C:\Program Files\MySQL\MySQL Shell 8.0\bin\;C:\Users\Kristina\AppData\Local\Microsoft\WindowsApps;C:\Program Files\JetBrains\IntelliJ IDEA 2025.2.3\bin;C:\Users\Kristina\AppData\Roaming\npm
USERNAME=Kristina
OS=Windows_NT
PROCESSOR_IDENTIFIER=Intel64 Family 6 Model 142 Stepping 12, GenuineIntel
TMP=C:\Users\Kristina\AppData\Local\Temp
TEMP=C:\Users\Kristina\AppData\Local\Temp




Periodic native trim disabled

---------------  S Y S T E M  ---------------

OS:
 Windows 10 , 64 bit Build 19041 (10.0.19041.5915)
OS uptime: 9 days 16:43 hours
Hyper-V role detected

CPU: total 8 (initial active 8) (4 cores per cpu, 2 threads per core) family 6 model 142 stepping 12 microcode 0xc6, cx8, cmov, fxsr, ht, mmx, 3dnowpref, sse, sse2, sse3, ssse3, sse4.1, sse4.2, popcnt, lzcnt, tsc, tscinvbit, avx, avx2, aes, erms, clmul, bmi1, bmi2, adx, fma, vzeroupper, clflush, clflushopt, hv, rdtscp, f16c
Processor Information for processor 0
  Max Mhz: 2112, Current Mhz: 1609, Mhz Limit: 1605
Processor Information for processor 1
  Max Mhz: 2112, Current Mhz: 1609, Mhz Limit: 1605
Processor Information for processor 2
  Max Mhz: 2112, Current Mhz: 1609, Mhz Limit: 1605
Processor Information for processor 3
  Max Mhz: 2112, Current Mhz: 1609, Mhz Limit: 1605
Processor Information for processor 4
  Max Mhz: 2112, Current Mhz: 1609, Mhz Limit: 1605
Processor Information for processor 5
  Max Mhz: 2112, Current Mhz: 1609, Mhz Limit: 1605
Processor Information for processor 6
  Max Mhz: 2112, Current Mhz: 1408, Mhz Limit: 1605
Processor Information for processor 7
  Max Mhz: 2112, Current Mhz: 1609, Mhz Limit: 1605

Memory: 4k page, system-wide physical 8025M (283M free)
TotalPageFile size 32601M (AvailPageFile size 0M)
current process WorkingSet (physical memory assigned to process): 12M, peak: 276M
current process commit charge ("private bytes"): 327M, peak: 347M

vm_info: OpenJDK 64-Bit Server VM (21.0.8+9-LTS) for windows-amd64 JRE (21.0.8+9-LTS), built on 2025-07-15T00:00:00Z by "admin" with MS VC++ 17.7 (VS2022)

END.
